<?xml version="1.0" encoding="UTF-8"?>
<testsuites>
  <testsuite name="Quick test of pop dyn" timestamp="2019-08-23 12:35:31" hostname="DESKTOP-32IEE7L" tests="1" skipped="0" failures="0" errors="0" time="6.38">
    <testcase time="6.38" classname="Quick_test_of_pop_dyn" name="_unnamed_"/>
  </testsuite>
  <testsuite name="cpars works for all Stock, Fleet, Obs, Imp slots" timestamp="2019-08-23 12:35:37" hostname="DESKTOP-32IEE7L" tests="62" skipped="0" failures="0" errors="0" time="25.61">
    <testcase time="0.58" classname="cpars_works_for_all_Stock_Fleet_Obs_Imp_slots" name="cpars_works_with_Stock_slot_Name"/>
    <testcase time="0.43" classname="cpars_works_for_all_Stock_Fleet_Obs_Imp_slots" name="cpars_works_with_Stock_slot_Common_Name"/>
    <testcase time="0.44" classname="cpars_works_for_all_Stock_Fleet_Obs_Imp_slots" name="cpars_works_with_Stock_slot_Species"/>
    <testcase time="0.45" classname="cpars_works_for_all_Stock_Fleet_Obs_Imp_slots" name="cpars_works_with_Stock_slot_maxage"/>
    <testcase time="0.43" classname="cpars_works_for_all_Stock_Fleet_Obs_Imp_slots" name="cpars_works_with_Stock_slot_R0"/>
    <testcase time="0.5" classname="cpars_works_for_all_Stock_Fleet_Obs_Imp_slots" name="cpars_works_with_Stock_slot_M"/>
    <testcase time="0.42" classname="cpars_works_for_all_Stock_Fleet_Obs_Imp_slots" name="cpars_works_with_Stock_slot_M2"/>
    <testcase time="0.58" classname="cpars_works_for_all_Stock_Fleet_Obs_Imp_slots" name="cpars_works_with_Stock_slot_Mexp"/>
    <testcase time="0.45" classname="cpars_works_for_all_Stock_Fleet_Obs_Imp_slots" name="cpars_works_with_Stock_slot_Msd"/>
    <testcase time="0.41" classname="cpars_works_for_all_Stock_Fleet_Obs_Imp_slots" name="cpars_works_with_Stock_slot_Mgrad"/>
    <testcase time="0.46" classname="cpars_works_for_all_Stock_Fleet_Obs_Imp_slots" name="cpars_works_with_Stock_slot_h"/>
    <testcase time="0.41" classname="cpars_works_for_all_Stock_Fleet_Obs_Imp_slots" name="cpars_works_with_Stock_slot_SRrel"/>
    <testcase time="0.45" classname="cpars_works_for_all_Stock_Fleet_Obs_Imp_slots" name="cpars_works_with_Stock_slot_Perr"/>
    <testcase time="0.43" classname="cpars_works_for_all_Stock_Fleet_Obs_Imp_slots" name="cpars_works_with_Stock_slot_AC"/>
    <testcase time="0.4" classname="cpars_works_for_all_Stock_Fleet_Obs_Imp_slots" name="cpars_works_with_Stock_slot_Period"/>
    <testcase time="0.41" classname="cpars_works_for_all_Stock_Fleet_Obs_Imp_slots" name="cpars_works_with_Stock_slot_Amplitude"/>
    <testcase time="0.45" classname="cpars_works_for_all_Stock_Fleet_Obs_Imp_slots" name="cpars_works_with_Stock_slot_Linf"/>
    <testcase time="0.42" classname="cpars_works_for_all_Stock_Fleet_Obs_Imp_slots" name="cpars_works_with_Stock_slot_K"/>
    <testcase time="0.43" classname="cpars_works_for_all_Stock_Fleet_Obs_Imp_slots" name="cpars_works_with_Stock_slot_t0"/>
    <testcase time="0.42" classname="cpars_works_for_all_Stock_Fleet_Obs_Imp_slots" name="cpars_works_with_Stock_slot_LenCV"/>
    <testcase time="0.4" classname="cpars_works_for_all_Stock_Fleet_Obs_Imp_slots" name="cpars_works_with_Stock_slot_Ksd"/>
    <testcase time="0.44" classname="cpars_works_for_all_Stock_Fleet_Obs_Imp_slots" name="cpars_works_with_Stock_slot_Kgrad"/>
    <testcase time="0.44" classname="cpars_works_for_all_Stock_Fleet_Obs_Imp_slots" name="cpars_works_with_Stock_slot_Linfsd"/>
    <testcase time="0.4" classname="cpars_works_for_all_Stock_Fleet_Obs_Imp_slots" name="cpars_works_with_Stock_slot_Linfgrad"/>
    <testcase time="0.43" classname="cpars_works_for_all_Stock_Fleet_Obs_Imp_slots" name="cpars_works_with_Stock_slot_L50"/>
    <testcase time="0.43" classname="cpars_works_for_all_Stock_Fleet_Obs_Imp_slots" name="cpars_works_with_Stock_slot_L50_95"/>
    <testcase time="0.46" classname="cpars_works_for_all_Stock_Fleet_Obs_Imp_slots" name="cpars_works_with_Stock_slot_D"/>
    <testcase time="0.43" classname="cpars_works_for_all_Stock_Fleet_Obs_Imp_slots" name="cpars_works_with_Stock_slot_a"/>
    <testcase time="0.41" classname="cpars_works_for_all_Stock_Fleet_Obs_Imp_slots" name="cpars_works_with_Stock_slot_b"/>
    <testcase time="0.42" classname="cpars_works_for_all_Stock_Fleet_Obs_Imp_slots" name="cpars_works_with_Stock_slot_Size_area_1"/>
    <testcase time="0.42" classname="cpars_works_for_all_Stock_Fleet_Obs_Imp_slots" name="cpars_works_with_Stock_slot_Frac_area_1"/>
    <testcase time="0.41" classname="cpars_works_for_all_Stock_Fleet_Obs_Imp_slots" name="cpars_works_with_Stock_slot_Prob_staying"/>
    <testcase time="0.55" classname="cpars_works_for_all_Stock_Fleet_Obs_Imp_slots" name="cpars_works_with_Stock_slot_Fdisc"/>
    <testcase time="0.4" classname="cpars_works_for_all_Stock_Fleet_Obs_Imp_slots" name="cpars_works_with_Stock_slot_Source"/>
    <testcase time="0.41" classname="cpars_works_for_all_Stock_Fleet_Obs_Imp_slots" name="cpars_works_with_Fleet_slot_Name"/>
    <testcase time="0.41" classname="cpars_works_for_all_Stock_Fleet_Obs_Imp_slots" name="cpars_works_with_Fleet_slot_nyears"/>
    <testcase time="0.43" classname="cpars_works_for_all_Stock_Fleet_Obs_Imp_slots" name="cpars_works_with_Fleet_slot_Spat_targ"/>
    <testcase time="0" classname="cpars_works_for_all_Stock_Fleet_Obs_Imp_slots" name="cpars_works_with_Fleet_slot_EffYears"/>
    <testcase time="0.02" classname="cpars_works_for_all_Stock_Fleet_Obs_Imp_slots" name="cpars_works_with_Fleet_slot_EffLower"/>
    <testcase time="0" classname="cpars_works_for_all_Stock_Fleet_Obs_Imp_slots" name="cpars_works_with_Fleet_slot_EffUpper"/>
    <testcase time="0.42" classname="cpars_works_for_all_Stock_Fleet_Obs_Imp_slots" name="cpars_works_with_Fleet_slot_Esd"/>
    <testcase time="0.42" classname="cpars_works_for_all_Stock_Fleet_Obs_Imp_slots" name="cpars_works_with_Fleet_slot_qinc"/>
    <testcase time="0.44" classname="cpars_works_for_all_Stock_Fleet_Obs_Imp_slots" name="cpars_works_with_Fleet_slot_qcv"/>
    <testcase time="0.44" classname="cpars_works_for_all_Stock_Fleet_Obs_Imp_slots" name="cpars_works_with_Fleet_slot_L5"/>
    <testcase time="0.44" classname="cpars_works_for_all_Stock_Fleet_Obs_Imp_slots" name="cpars_works_with_Fleet_slot_LFS"/>
    <testcase time="0.43" classname="cpars_works_for_all_Stock_Fleet_Obs_Imp_slots" name="cpars_works_with_Fleet_slot_Vmaxlen"/>
    <testcase time="0.43" classname="cpars_works_for_all_Stock_Fleet_Obs_Imp_slots" name="cpars_works_with_Fleet_slot_isRel"/>
    <testcase time="0.4" classname="cpars_works_for_all_Stock_Fleet_Obs_Imp_slots" name="cpars_works_with_Fleet_slot_LR5"/>
    <testcase time="0.44" classname="cpars_works_for_all_Stock_Fleet_Obs_Imp_slots" name="cpars_works_with_Fleet_slot_LFR"/>
    <testcase time="0.44" classname="cpars_works_for_all_Stock_Fleet_Obs_Imp_slots" name="cpars_works_with_Fleet_slot_Rmaxlen"/>
    <testcase time="0.4" classname="cpars_works_for_all_Stock_Fleet_Obs_Imp_slots" name="cpars_works_with_Fleet_slot_DR"/>
    <testcase time="0.42" classname="cpars_works_for_all_Stock_Fleet_Obs_Imp_slots" name="cpars_works_with_Fleet_slot_SelYears"/>
    <testcase time="0.41" classname="cpars_works_for_all_Stock_Fleet_Obs_Imp_slots" name="cpars_works_with_Fleet_slot_AbsSelYears"/>
    <testcase time="0.42" classname="cpars_works_for_all_Stock_Fleet_Obs_Imp_slots" name="cpars_works_with_Fleet_slot_L5Lower"/>
    <testcase time="0.42" classname="cpars_works_for_all_Stock_Fleet_Obs_Imp_slots" name="cpars_works_with_Fleet_slot_L5Upper"/>
    <testcase time="0.43" classname="cpars_works_for_all_Stock_Fleet_Obs_Imp_slots" name="cpars_works_with_Fleet_slot_LFSLower"/>
    <testcase time="0.42" classname="cpars_works_for_all_Stock_Fleet_Obs_Imp_slots" name="cpars_works_with_Fleet_slot_LFSUpper"/>
    <testcase time="0.42" classname="cpars_works_for_all_Stock_Fleet_Obs_Imp_slots" name="cpars_works_with_Fleet_slot_VmaxLower"/>
    <testcase time="0.42" classname="cpars_works_for_all_Stock_Fleet_Obs_Imp_slots" name="cpars_works_with_Fleet_slot_VmaxUpper"/>
    <testcase time="0.42" classname="cpars_works_for_all_Stock_Fleet_Obs_Imp_slots" name="cpars_works_with_Fleet_slot_CurrentYr"/>
    <testcase time="0.43" classname="cpars_works_for_all_Stock_Fleet_Obs_Imp_slots" name="cpars_works_with_Fleet_slot_MPA"/>
    <testcase time="0.42" classname="cpars_works_for_all_Stock_Fleet_Obs_Imp_slots" name="cpars_works_with_Fleet_slots_EffLower_EffUpper_EffYears"/>
  </testsuite>
  <testsuite name="Data_Functions" timestamp="2019-08-23 12:36:03" hostname="DESKTOP-32IEE7L" tests="35" skipped="0" failures="0" errors="0" time="17.26">
    <testcase time="4.04" classname="Data_Functions" name="runMP_Can_Cant_Needed_Sense_TAC_work_with_Atlantic_mackerel"/>
    <testcase time="0" classname="Data_Functions" name="runMP_Can_Cant_Needed_Sense_TAC_work_with_Atlantic_mackerel"/>
    <testcase time="0" classname="Data_Functions" name="runMP_Can_Cant_Needed_Sense_TAC_work_with_Atlantic_mackerel"/>
    <testcase time="0.07" classname="Data_Functions" name="runMP_Can_Cant_Needed_Sense_TAC_work_with_Atlantic_mackerel"/>
    <testcase time="0.04" classname="Data_Functions" name="runMP_Can_Cant_Needed_Sense_TAC_work_with_Atlantic_mackerel"/>
    <testcase time="0.25" classname="Data_Functions" name="runMP_Can_Cant_Needed_Sense_TAC_work_with_China_rockfish"/>
    <testcase time="0" classname="Data_Functions" name="runMP_Can_Cant_Needed_Sense_TAC_work_with_China_rockfish"/>
    <testcase time="0" classname="Data_Functions" name="runMP_Can_Cant_Needed_Sense_TAC_work_with_China_rockfish"/>
    <testcase time="0.07" classname="Data_Functions" name="runMP_Can_Cant_Needed_Sense_TAC_work_with_China_rockfish"/>
    <testcase time="0.03" classname="Data_Functions" name="runMP_Can_Cant_Needed_Sense_TAC_work_with_China_rockfish"/>
    <testcase time="0.28" classname="Data_Functions" name="runMP_Can_Cant_Needed_Sense_TAC_work_with_Cobia"/>
    <testcase time="0.01" classname="Data_Functions" name="runMP_Can_Cant_Needed_Sense_TAC_work_with_Cobia"/>
    <testcase time="0" classname="Data_Functions" name="runMP_Can_Cant_Needed_Sense_TAC_work_with_Cobia"/>
    <testcase time="0.05" classname="Data_Functions" name="runMP_Can_Cant_Needed_Sense_TAC_work_with_Cobia"/>
    <testcase time="0.03" classname="Data_Functions" name="runMP_Can_Cant_Needed_Sense_TAC_work_with_Cobia"/>
    <testcase time="3.41" classname="Data_Functions" name="runMP_Can_Cant_Needed_Sense_TAC_work_with_Example_datafile"/>
    <testcase time="0" classname="Data_Functions" name="runMP_Can_Cant_Needed_Sense_TAC_work_with_Example_datafile"/>
    <testcase time="0" classname="Data_Functions" name="runMP_Can_Cant_Needed_Sense_TAC_work_with_Example_datafile"/>
    <testcase time="0.06" classname="Data_Functions" name="runMP_Can_Cant_Needed_Sense_TAC_work_with_Example_datafile"/>
    <testcase time="0.05" classname="Data_Functions" name="runMP_Can_Cant_Needed_Sense_TAC_work_with_Example_datafile"/>
    <testcase time="0.28" classname="Data_Functions" name="runMP_Can_Cant_Needed_Sense_TAC_work_with_Gulf_blue_tilefish"/>
    <testcase time="0" classname="Data_Functions" name="runMP_Can_Cant_Needed_Sense_TAC_work_with_Gulf_blue_tilefish"/>
    <testcase time="0" classname="Data_Functions" name="runMP_Can_Cant_Needed_Sense_TAC_work_with_Gulf_blue_tilefish"/>
    <testcase time="0.06" classname="Data_Functions" name="runMP_Can_Cant_Needed_Sense_TAC_work_with_Gulf_blue_tilefish"/>
    <testcase time="0.03" classname="Data_Functions" name="runMP_Can_Cant_Needed_Sense_TAC_work_with_Gulf_blue_tilefish"/>
    <testcase time="7.14" classname="Data_Functions" name="runMP_Can_Cant_Needed_Sense_TAC_work_with_ourReefFish"/>
    <testcase time="0" classname="Data_Functions" name="runMP_Can_Cant_Needed_Sense_TAC_work_with_ourReefFish"/>
    <testcase time="0" classname="Data_Functions" name="runMP_Can_Cant_Needed_Sense_TAC_work_with_ourReefFish"/>
    <testcase time="0.1" classname="Data_Functions" name="runMP_Can_Cant_Needed_Sense_TAC_work_with_ourReefFish"/>
    <testcase time="0.06" classname="Data_Functions" name="runMP_Can_Cant_Needed_Sense_TAC_work_with_ourReefFish"/>
    <testcase time="1.05" classname="Data_Functions" name="runMP_Can_Cant_Needed_Sense_TAC_work_with_Red_snapper"/>
    <testcase time="0" classname="Data_Functions" name="runMP_Can_Cant_Needed_Sense_TAC_work_with_Red_snapper"/>
    <testcase time="0" classname="Data_Functions" name="runMP_Can_Cant_Needed_Sense_TAC_work_with_Red_snapper"/>
    <testcase time="0.06" classname="Data_Functions" name="runMP_Can_Cant_Needed_Sense_TAC_work_with_Red_snapper"/>
    <testcase time="0.09" classname="Data_Functions" name="runMP_Can_Cant_Needed_Sense_TAC_work_with_Red_snapper"/>
  </testsuite>
  <testsuite name="test plot Data" timestamp="2019-08-23 12:36:20" hostname="DESKTOP-32IEE7L" tests="16" skipped="0" failures="0" errors="0" time="21.21">
    <testcase time="1.52" classname="test_plot_Data" name="plot_works_with_Atlantic_mackerel"/>
    <testcase time="0.5" classname="test_plot_Data" name="plot_works_with_China_rockfish"/>
    <testcase time="0.53" classname="test_plot_Data" name="plot_works_with_Cobia"/>
    <testcase time="3.58" classname="test_plot_Data" name="plot_works_with_Example_datafile"/>
    <testcase time="0.53" classname="test_plot_Data" name="plot_works_with_Gulf_blue_tilefish"/>
    <testcase time="7.19" classname="test_plot_Data" name="plot_works_with_ourReefFish"/>
    <testcase time="1.06" classname="test_plot_Data" name="plot_works_with_Red_snapper"/>
    <testcase time="1.08" classname="test_plot_Data" name="plot_works_with_out"/>
    <testcase time="0.64" classname="test_plot_Data" name="_summary_works_with_Atlantic_mackerel"/>
    <testcase time="0.53" classname="test_plot_Data" name="_summary_works_with_China_rockfish"/>
    <testcase time="0.61" classname="test_plot_Data" name="_summary_works_with_Cobia"/>
    <testcase time="0.64" classname="test_plot_Data" name="_summary_works_with_Example_datafile"/>
    <testcase time="0.5" classname="test_plot_Data" name="_summary_works_with_Gulf_blue_tilefish"/>
    <testcase time="0.91" classname="test_plot_Data" name="_summary_works_with_ourReefFish"/>
    <testcase time="0.68" classname="test_plot_Data" name="_summary_works_with_Red_snapper"/>
    <testcase time="0.71" classname="test_plot_Data" name="_summary_works_with_out"/>
  </testsuite>
  <testsuite name="Test Data2csv function" timestamp="2019-08-23 12:36:41" hostname="DESKTOP-32IEE7L" tests="1431" skipped="0" failures="2" errors="0" time="19.11">
    <testcase time="0.18" classname="Test_Data2csv_function" name="Data2csv_works_with_Atlantic_mackerel"/>
    <testcase time="0" classname="Test_Data2csv_function" name="Data2csv_works_with_Atlantic_mackerel"/>
    <testcase time="0" classname="Test_Data2csv_function" name="Data2csv_works_with_Atlantic_mackerel"/>
    <testcase time="0" classname="Test_Data2csv_function" name="Data2csv_works_with_Atlantic_mackerel"/>
    <testcase time="0" classname="Test_Data2csv_function" name="Data2csv_works_with_Atlantic_mackerel"/>
    <testcase time="0" classname="Test_Data2csv_function" name="Data2csv_works_with_Atlantic_mackerel"/>
    <testcase time="0" classname="Test_Data2csv_function" name="Data2csv_works_with_Atlantic_mackerel"/>
    <testcase time="0" classname="Test_Data2csv_function" name="Data2csv_works_with_Atlantic_mackerel"/>
    <testcase time="0" classname="Test_Data2csv_function" name="Data2csv_works_with_Atlantic_mackerel"/>
    <testcase time="0" classname="Test_Data2csv_function" name="Data2csv_works_with_Atlantic_mackerel"/>
    <testcase time="0" classname="Test_Data2csv_function" name="Data2csv_works_with_Atlantic_mackerel"/>
    <testcase time="0.02" classname="Test_Data2csv_function" name="Data2csv_works_with_Atlantic_mackerel"/>
    <testcase time="0" classname="Test_Data2csv_function" name="Data2csv_works_with_Atlantic_mackerel"/>
    <testcase time="0" classname="Test_Data2csv_function" name="Data2csv_works_with_Atlantic_mackerel"/>
    <testcase time="0" classname="Test_Data2csv_function" name="Data2csv_works_with_Atlantic_mackerel"/>
    <testcase time="0" classname="Test_Data2csv_function" name="Data2csv_works_with_Atlantic_mackerel"/>
    <testcase time="0" classname="Test_Data2csv_function" name="Data2csv_works_with_Atlantic_mackerel"/>
    <testcase time="0" classname="Test_Data2csv_function" name="Data2csv_works_with_Atlantic_mackerel"/>
    <testcase time="0" classname="Test_Data2csv_function" name="Data2csv_works_with_Atlantic_mackerel"/>
    <testcase time="0" classname="Test_Data2csv_function" name="Data2csv_works_with_Atlantic_mackerel"/>
    <testcase time="0" classname="Test_Data2csv_function" name="Data2csv_works_with_Atlantic_mackerel"/>
    <testcase time="0" classname="Test_Data2csv_function" name="Data2csv_works_with_Atlantic_mackerel"/>
    <testcase time="0" classname="Test_Data2csv_function" name="Data2csv_works_with_Atlantic_mackerel"/>
    <testcase time="0" classname="Test_Data2csv_function" name="Data2csv_works_with_Atlantic_mackerel"/>
    <testcase time="0" classname="Test_Data2csv_function" name="Data2csv_works_with_Atlantic_mackerel"/>
    <testcase time="0" classname="Test_Data2csv_function" name="Data2csv_works_with_Atlantic_mackerel"/>
    <testcase time="0" classname="Test_Data2csv_function" name="Data2csv_works_with_Atlantic_mackerel"/>
    <testcase time="0" classname="Test_Data2csv_function" name="Data2csv_works_with_Atlantic_mackerel"/>
    <testcase time="0" classname="Test_Data2csv_function" name="Data2csv_works_with_Atlantic_mackerel"/>
    <testcase time="0.02" classname="Test_Data2csv_function" name="Data2csv_works_with_Atlantic_mackerel"/>
    <testcase time="0" classname="Test_Data2csv_function" name="Data2csv_works_with_Atlantic_mackerel"/>
    <testcase time="0" classname="Test_Data2csv_function" name="Data2csv_works_with_Atlantic_mackerel"/>
    <testcase time="0" classname="Test_Data2csv_function" name="Data2csv_works_with_Atlantic_mackerel"/>
    <testcase time="0" classname="Test_Data2csv_function" name="Data2csv_works_with_Atlantic_mackerel"/>
    <testcase time="0" classname="Test_Data2csv_function" name="Data2csv_works_with_Atlantic_mackerel"/>
    <testcase time="0" classname="Test_Data2csv_function" name="Data2csv_works_with_Atlantic_mackerel"/>
    <testcase time="0" classname="Test_Data2csv_function" name="Data2csv_works_with_Atlantic_mackerel"/>
    <testcase time="0" classname="Test_Data2csv_function" name="Data2csv_works_with_Atlantic_mackerel"/>
    <testcase time="0" classname="Test_Data2csv_function" name="Data2csv_works_with_Atlantic_mackerel"/>
    <testcase time="0" classname="Test_Data2csv_function" name="Data2csv_works_with_Atlantic_mackerel"/>
    <testcase time="0" classname="Test_Data2csv_function" name="Data2csv_works_with_Atlantic_mackerel"/>
    <testcase time="0" classname="Test_Data2csv_function" name="Data2csv_works_with_Atlantic_mackerel"/>
    <testcase time="0" classname="Test_Data2csv_function" name="Data2csv_works_with_Atlantic_mackerel"/>
    <testcase time="0.01" classname="Test_Data2csv_function" name="Data2csv_works_with_Atlantic_mackerel"/>
    <testcase time="0" classname="Test_Data2csv_function" name="Data2csv_works_with_Atlantic_mackerel"/>
    <testcase time="0" classname="Test_Data2csv_function" name="Data2csv_works_with_Atlantic_mackerel"/>
    <testcase time="0" classname="Test_Data2csv_function" name="Data2csv_works_with_Atlantic_mackerel"/>
    <testcase time="0" classname="Test_Data2csv_function" name="Data2csv_works_with_Atlantic_mackerel"/>
    <testcase time="0" classname="Test_Data2csv_function" name="Data2csv_works_with_Atlantic_mackerel"/>
    <testcase time="0" classname="Test_Data2csv_function" name="Data2csv_works_with_Atlantic_mackerel"/>
    <testcase time="0.05" classname="Test_Data2csv_function" name="Data2csv_works_with_Atlantic_mackerel"/>
    <testcase time="0" classname="Test_Data2csv_function" name="Data2csv_works_with_Atlantic_mackerel"/>
    <testcase time="0" classname="Test_Data2csv_function" name="Data2csv_works_with_Atlantic_mackerel"/>
    <testcase time="0" classname="Test_Data2csv_function" name="Data2csv_works_with_Atlantic_mackerel"/>
    <testcase time="0" classname="Test_Data2csv_function" name="Data2csv_works_with_Atlantic_mackerel"/>
    <testcase time="0" classname="Test_Data2csv_function" name="Data2csv_works_with_Atlantic_mackerel"/>
    <testcase time="0" classname="Test_Data2csv_function" name="Data2csv_works_with_Atlantic_mackerel"/>
    <testcase time="0.01" classname="Test_Data2csv_function" name="Data2csv_works_with_Atlantic_mackerel"/>
    <testcase time="0" classname="Test_Data2csv_function" name="Data2csv_works_with_Atlantic_mackerel"/>
    <testcase time="0" classname="Test_Data2csv_function" name="Data2csv_works_with_Atlantic_mackerel"/>
    <testcase time="0" classname="Test_Data2csv_function" name="Data2csv_works_with_Atlantic_mackerel"/>
    <testcase time="0" classname="Test_Data2csv_function" name="Data2csv_works_with_Atlantic_mackerel"/>
    <testcase time="0" classname="Test_Data2csv_function" name="Data2csv_works_with_Atlantic_mackerel"/>
    <testcase time="0" classname="Test_Data2csv_function" name="Data2csv_works_with_Atlantic_mackerel"/>
    <testcase time="0" classname="Test_Data2csv_function" name="Data2csv_works_with_Atlantic_mackerel"/>
    <testcase time="0" classname="Test_Data2csv_function" name="Data2csv_works_with_Atlantic_mackerel"/>
    <testcase time="0" classname="Test_Data2csv_function" name="Data2csv_works_with_Atlantic_mackerel"/>
    <testcase time="0" classname="Test_Data2csv_function" name="Data2csv_works_with_Atlantic_mackerel"/>
    <testcase time="0" classname="Test_Data2csv_function" name="Data2csv_works_with_Atlantic_mackerel"/>
    <testcase time="0.02" classname="Test_Data2csv_function" name="Data2csv_works_with_Atlantic_mackerel"/>
    <testcase time="0" classname="Test_Data2csv_function" name="Data2csv_works_with_Atlantic_mackerel"/>
    <testcase time="0" classname="Test_Data2csv_function" name="Data2csv_works_with_Atlantic_mackerel"/>
    <testcase time="0.01" classname="Test_Data2csv_function" name="Data2csv_works_with_Atlantic_mackerel"/>
    <testcase time="0" classname="Test_Data2csv_function" name="Data2csv_works_with_Atlantic_mackerel"/>
    <testcase time="0" classname="Test_Data2csv_function" name="Data2csv_works_with_Atlantic_mackerel"/>
    <testcase time="0" classname="Test_Data2csv_function" name="Data2csv_works_with_Atlantic_mackerel"/>
    <testcase time="0" classname="Test_Data2csv_function" name="Data2csv_works_with_Atlantic_mackerel"/>
    <testcase time="0" classname="Test_Data2csv_function" name="Data2csv_works_with_Atlantic_mackerel"/>
    <testcase time="0" classname="Test_Data2csv_function" name="Data2csv_works_with_Atlantic_mackerel"/>
    <testcase time="0" classname="Test_Data2csv_function" name="Data2csv_works_with_Atlantic_mackerel"/>
    <testcase time="0.02" classname="Test_Data2csv_function" name="Data2csv_works_with_Atlantic_mackerel"/>
    <testcase time="0" classname="Test_Data2csv_function" name="Data2csv_works_with_Atlantic_mackerel"/>
    <testcase time="0" classname="Test_Data2csv_function" name="Data2csv_works_with_Atlantic_mackerel"/>
    <testcase time="0" classname="Test_Data2csv_function" name="Data2csv_works_with_Atlantic_mackerel"/>
    <testcase time="0" classname="Test_Data2csv_function" name="Data2csv_works_with_Atlantic_mackerel"/>
    <testcase time="0" classname="Test_Data2csv_function" name="Data2csv_works_with_Atlantic_mackerel"/>
    <testcase time="0" classname="Test_Data2csv_function" name="Data2csv_works_with_Atlantic_mackerel"/>
    <testcase time="0" classname="Test_Data2csv_function" name="Data2csv_works_with_Atlantic_mackerel"/>
    <testcase time="0" classname="Test_Data2csv_function" name="Data2csv_works_with_Atlantic_mackerel"/>
    <testcase time="0.02" classname="Test_Data2csv_function" name="Data2csv_works_with_Atlantic_mackerel"/>
    <testcase time="0" classname="Test_Data2csv_function" name="Data2csv_works_with_Atlantic_mackerel"/>
    <testcase time="0" classname="Test_Data2csv_function" name="Data2csv_works_with_Atlantic_mackerel"/>
    <testcase time="0" classname="Test_Data2csv_function" name="Data2csv_works_with_Atlantic_mackerel"/>
    <testcase time="0" classname="Test_Data2csv_function" name="Data2csv_works_with_Atlantic_mackerel"/>
    <testcase time="0" classname="Test_Data2csv_function" name="Data2csv_works_with_Atlantic_mackerel"/>
    <testcase time="0" classname="Test_Data2csv_function" name="Data2csv_works_with_Atlantic_mackerel"/>
    <testcase time="0" classname="Test_Data2csv_function" name="Data2csv_works_with_Atlantic_mackerel"/>
    <testcase time="0" classname="Test_Data2csv_function" name="Data2csv_works_with_Atlantic_mackerel"/>
    <testcase time="0" classname="Test_Data2csv_function" name="Data2csv_works_with_Atlantic_mackerel"/>
    <testcase time="0.01" classname="Test_Data2csv_function" name="Data2csv_works_with_Atlantic_mackerel"/>
    <testcase time="0" classname="Test_Data2csv_function" name="Data2csv_works_with_Atlantic_mackerel"/>
    <testcase time="0" classname="Test_Data2csv_function" name="Data2csv_works_with_Atlantic_mackerel"/>
    <testcase time="0" classname="Test_Data2csv_function" name="Data2csv_works_with_Atlantic_mackerel"/>
    <testcase time="0" classname="Test_Data2csv_function" name="Data2csv_works_with_Atlantic_mackerel"/>
    <testcase time="0" classname="Test_Data2csv_function" name="Data2csv_works_with_Atlantic_mackerel"/>
    <testcase time="0" classname="Test_Data2csv_function" name="Data2csv_works_with_Atlantic_mackerel"/>
    <testcase time="0" classname="Test_Data2csv_function" name="Data2csv_works_with_Atlantic_mackerel"/>
    <testcase time="0" classname="Test_Data2csv_function" name="Data2csv_works_with_Atlantic_mackerel"/>
    <testcase time="0.02" classname="Test_Data2csv_function" name="Data2csv_works_with_Atlantic_mackerel"/>
    <testcase time="0" classname="Test_Data2csv_function" name="Data2csv_works_with_Atlantic_mackerel"/>
    <testcase time="0" classname="Test_Data2csv_function" name="Data2csv_works_with_Atlantic_mackerel"/>
    <testcase time="0" classname="Test_Data2csv_function" name="Data2csv_works_with_Atlantic_mackerel"/>
    <testcase time="0" classname="Test_Data2csv_function" name="Data2csv_works_with_Atlantic_mackerel"/>
    <testcase time="0" classname="Test_Data2csv_function" name="Data2csv_works_with_Atlantic_mackerel"/>
    <testcase time="0" classname="Test_Data2csv_function" name="Data2csv_works_with_Atlantic_mackerel"/>
    <testcase time="0" classname="Test_Data2csv_function" name="Data2csv_works_with_Atlantic_mackerel"/>
    <testcase time="0.01" classname="Test_Data2csv_function" name="Data2csv_works_with_Atlantic_mackerel"/>
    <testcase time="0" classname="Test_Data2csv_function" name="Data2csv_works_with_Atlantic_mackerel"/>
    <testcase time="0" classname="Test_Data2csv_function" name="Data2csv_works_with_Atlantic_mackerel"/>
    <testcase time="0" classname="Test_Data2csv_function" name="Data2csv_works_with_Atlantic_mackerel"/>
    <testcase time="0" classname="Test_Data2csv_function" name="Data2csv_works_with_Atlantic_mackerel"/>
    <testcase time="0" classname="Test_Data2csv_function" name="Data2csv_works_with_Atlantic_mackerel"/>
    <testcase time="0" classname="Test_Data2csv_function" name="Data2csv_works_with_Atlantic_mackerel"/>
    <testcase time="0" classname="Test_Data2csv_function" name="Data2csv_works_with_Atlantic_mackerel"/>
    <testcase time="0" classname="Test_Data2csv_function" name="Data2csv_works_with_Atlantic_mackerel"/>
    <testcase time="0.02" classname="Test_Data2csv_function" name="Data2csv_works_with_Atlantic_mackerel"/>
    <testcase time="0" classname="Test_Data2csv_function" name="Data2csv_works_with_Atlantic_mackerel"/>
    <testcase time="0.01" classname="Test_Data2csv_function" name="Data2csv_works_with_Atlantic_mackerel"/>
    <testcase time="0" classname="Test_Data2csv_function" name="Data2csv_works_with_Atlantic_mackerel"/>
    <testcase time="0" classname="Test_Data2csv_function" name="Data2csv_works_with_Atlantic_mackerel"/>
    <testcase time="0" classname="Test_Data2csv_function" name="Data2csv_works_with_Atlantic_mackerel"/>
    <testcase time="0" classname="Test_Data2csv_function" name="Data2csv_works_with_Atlantic_mackerel"/>
    <testcase time="0" classname="Test_Data2csv_function" name="Data2csv_works_with_Atlantic_mackerel"/>
    <testcase time="0.02" classname="Test_Data2csv_function" name="Data2csv_works_with_Atlantic_mackerel"/>
    <testcase time="0" classname="Test_Data2csv_function" name="Data2csv_works_with_Atlantic_mackerel"/>
    <testcase time="0" classname="Test_Data2csv_function" name="Data2csv_works_with_Atlantic_mackerel"/>
    <testcase time="0" classname="Test_Data2csv_function" name="Data2csv_works_with_Atlantic_mackerel"/>
    <testcase time="0" classname="Test_Data2csv_function" name="Data2csv_works_with_Atlantic_mackerel"/>
    <testcase time="0" classname="Test_Data2csv_function" name="Data2csv_works_with_Atlantic_mackerel"/>
    <testcase time="0" classname="Test_Data2csv_function" name="Data2csv_works_with_Atlantic_mackerel"/>
    <testcase time="0.02" classname="Test_Data2csv_function" name="Data2csv_works_with_Atlantic_mackerel"/>
    <testcase time="0" classname="Test_Data2csv_function" name="Data2csv_works_with_Atlantic_mackerel"/>
    <testcase time="0" classname="Test_Data2csv_function" name="Data2csv_works_with_Atlantic_mackerel"/>
    <testcase time="0.26" classname="Test_Data2csv_function" name="Data2csv_works_with_China_rockfish"/>
    <testcase time="0" classname="Test_Data2csv_function" name="Data2csv_works_with_China_rockfish"/>
    <testcase time="0" classname="Test_Data2csv_function" name="Data2csv_works_with_China_rockfish"/>
    <testcase time="0" classname="Test_Data2csv_function" name="Data2csv_works_with_China_rockfish"/>
    <testcase time="0.02" classname="Test_Data2csv_function" name="Data2csv_works_with_China_rockfish"/>
    <testcase time="0" classname="Test_Data2csv_function" name="Data2csv_works_with_China_rockfish"/>
    <testcase time="0" classname="Test_Data2csv_function" name="Data2csv_works_with_China_rockfish"/>
    <testcase time="0" classname="Test_Data2csv_function" name="Data2csv_works_with_China_rockfish"/>
    <testcase time="0" classname="Test_Data2csv_function" name="Data2csv_works_with_China_rockfish"/>
    <testcase time="0" classname="Test_Data2csv_function" name="Data2csv_works_with_China_rockfish"/>
    <testcase time="0.01" classname="Test_Data2csv_function" name="Data2csv_works_with_China_rockfish"/>
    <testcase time="0" classname="Test_Data2csv_function" name="Data2csv_works_with_China_rockfish"/>
    <testcase time="0" classname="Test_Data2csv_function" name="Data2csv_works_with_China_rockfish"/>
    <testcase time="0" classname="Test_Data2csv_function" name="Data2csv_works_with_China_rockfish"/>
    <testcase time="0" classname="Test_Data2csv_function" name="Data2csv_works_with_China_rockfish"/>
    <testcase time="0" classname="Test_Data2csv_function" name="Data2csv_works_with_China_rockfish"/>
    <testcase time="0" classname="Test_Data2csv_function" name="Data2csv_works_with_China_rockfish"/>
    <testcase time="0.02" classname="Test_Data2csv_function" name="Data2csv_works_with_China_rockfish"/>
    <testcase time="0" classname="Test_Data2csv_function" name="Data2csv_works_with_China_rockfish"/>
    <testcase time="0.01" classname="Test_Data2csv_function" name="Data2csv_works_with_China_rockfish"/>
    <testcase time="0" classname="Test_Data2csv_function" name="Data2csv_works_with_China_rockfish"/>
    <testcase time="0" classname="Test_Data2csv_function" name="Data2csv_works_with_China_rockfish"/>
    <testcase time="0" classname="Test_Data2csv_function" name="Data2csv_works_with_China_rockfish"/>
    <testcase time="0" classname="Test_Data2csv_function" name="Data2csv_works_with_China_rockfish"/>
    <testcase time="0" classname="Test_Data2csv_function" name="Data2csv_works_with_China_rockfish"/>
    <testcase time="0.02" classname="Test_Data2csv_function" name="Data2csv_works_with_China_rockfish"/>
    <testcase time="0" classname="Test_Data2csv_function" name="Data2csv_works_with_China_rockfish"/>
    <testcase time="0" classname="Test_Data2csv_function" name="Data2csv_works_with_China_rockfish"/>
    <testcase time="0" classname="Test_Data2csv_function" name="Data2csv_works_with_China_rockfish"/>
    <testcase time="0" classname="Test_Data2csv_function" name="Data2csv_works_with_China_rockfish"/>
    <testcase time="0" classname="Test_Data2csv_function" name="Data2csv_works_with_China_rockfish"/>
    <testcase time="0.01" classname="Test_Data2csv_function" name="Data2csv_works_with_China_rockfish"/>
    <testcase time="0" classname="Test_Data2csv_function" name="Data2csv_works_with_China_rockfish"/>
    <testcase time="0" classname="Test_Data2csv_function" name="Data2csv_works_with_China_rockfish"/>
    <testcase time="0" classname="Test_Data2csv_function" name="Data2csv_works_with_China_rockfish"/>
    <testcase time="0" classname="Test_Data2csv_function" name="Data2csv_works_with_China_rockfish"/>
    <testcase time="0" classname="Test_Data2csv_function" name="Data2csv_works_with_China_rockfish"/>
    <testcase time="0" classname="Test_Data2csv_function" name="Data2csv_works_with_China_rockfish"/>
    <testcase time="0.02" classname="Test_Data2csv_function" name="Data2csv_works_with_China_rockfish"/>
    <testcase time="0" classname="Test_Data2csv_function" name="Data2csv_works_with_China_rockfish"/>
    <testcase time="0" classname="Test_Data2csv_function" name="Data2csv_works_with_China_rockfish"/>
    <testcase time="0" classname="Test_Data2csv_function" name="Data2csv_works_with_China_rockfish"/>
    <testcase time="0" classname="Test_Data2csv_function" name="Data2csv_works_with_China_rockfish"/>
    <testcase time="0" classname="Test_Data2csv_function" name="Data2csv_works_with_China_rockfish"/>
    <testcase time="0.02" classname="Test_Data2csv_function" name="Data2csv_works_with_China_rockfish"/>
    <testcase time="0" classname="Test_Data2csv_function" name="Data2csv_works_with_China_rockfish"/>
    <testcase time="0" classname="Test_Data2csv_function" name="Data2csv_works_with_China_rockfish"/>
    <testcase time="0" classname="Test_Data2csv_function" name="Data2csv_works_with_China_rockfish"/>
    <testcase time="0" classname="Test_Data2csv_function" name="Data2csv_works_with_China_rockfish"/>
    <testcase time="0.01" classname="Test_Data2csv_function" name="Data2csv_works_with_China_rockfish"/>
    <testcase time="0" classname="Test_Data2csv_function" name="Data2csv_works_with_China_rockfish"/>
    <testcase time="0.02" classname="Test_Data2csv_function" name="Data2csv_works_with_China_rockfish"/>
    <testcase time="0" classname="Test_Data2csv_function" name="Data2csv_works_with_China_rockfish"/>
    <testcase time="0" classname="Test_Data2csv_function" name="Data2csv_works_with_China_rockfish"/>
    <testcase time="0" classname="Test_Data2csv_function" name="Data2csv_works_with_China_rockfish"/>
    <testcase time="0" classname="Test_Data2csv_function" name="Data2csv_works_with_China_rockfish"/>
    <testcase time="0.01" classname="Test_Data2csv_function" name="Data2csv_works_with_China_rockfish"/>
    <testcase time="0" classname="Test_Data2csv_function" name="Data2csv_works_with_China_rockfish"/>
    <testcase time="0" classname="Test_Data2csv_function" name="Data2csv_works_with_China_rockfish"/>
    <testcase time="0" classname="Test_Data2csv_function" name="Data2csv_works_with_China_rockfish"/>
    <testcase time="0" classname="Test_Data2csv_function" name="Data2csv_works_with_China_rockfish"/>
    <testcase time="0" classname="Test_Data2csv_function" name="Data2csv_works_with_China_rockfish"/>
    <testcase time="0.02" classname="Test_Data2csv_function" name="Data2csv_works_with_China_rockfish"/>
    <testcase time="0" classname="Test_Data2csv_function" name="Data2csv_works_with_China_rockfish"/>
    <testcase time="0" classname="Test_Data2csv_function" name="Data2csv_works_with_China_rockfish"/>
    <testcase time="0" classname="Test_Data2csv_function" name="Data2csv_works_with_China_rockfish"/>
    <testcase time="0" classname="Test_Data2csv_function" name="Data2csv_works_with_China_rockfish"/>
    <testcase time="0" classname="Test_Data2csv_function" name="Data2csv_works_with_China_rockfish"/>
    <testcase time="0.01" classname="Test_Data2csv_function" name="Data2csv_works_with_China_rockfish"/>
    <testcase time="0" classname="Test_Data2csv_function" name="Data2csv_works_with_China_rockfish"/>
    <testcase time="0" classname="Test_Data2csv_function" name="Data2csv_works_with_China_rockfish"/>
    <testcase time="0" classname="Test_Data2csv_function" name="Data2csv_works_with_China_rockfish"/>
    <testcase time="0" classname="Test_Data2csv_function" name="Data2csv_works_with_China_rockfish"/>
    <testcase time="0.02" classname="Test_Data2csv_function" name="Data2csv_works_with_China_rockfish"/>
    <testcase time="0" classname="Test_Data2csv_function" name="Data2csv_works_with_China_rockfish"/>
    <testcase time="0" classname="Test_Data2csv_function" name="Data2csv_works_with_China_rockfish"/>
    <testcase time="0.02" classname="Test_Data2csv_function" name="Data2csv_works_with_China_rockfish"/>
    <testcase time="0" classname="Test_Data2csv_function" name="Data2csv_works_with_China_rockfish"/>
    <testcase time="0" classname="Test_Data2csv_function" name="Data2csv_works_with_China_rockfish"/>
    <testcase time="0" classname="Test_Data2csv_function" name="Data2csv_works_with_China_rockfish"/>
    <testcase time="0.01" classname="Test_Data2csv_function" name="Data2csv_works_with_China_rockfish"/>
    <testcase time="0" classname="Test_Data2csv_function" name="Data2csv_works_with_China_rockfish"/>
    <testcase time="0" classname="Test_Data2csv_function" name="Data2csv_works_with_China_rockfish"/>
    <testcase time="0" classname="Test_Data2csv_function" name="Data2csv_works_with_China_rockfish"/>
    <testcase time="0" classname="Test_Data2csv_function" name="Data2csv_works_with_China_rockfish"/>
    <testcase time="0.02" classname="Test_Data2csv_function" name="Data2csv_works_with_China_rockfish"/>
    <testcase time="0" classname="Test_Data2csv_function" name="Data2csv_works_with_China_rockfish"/>
    <testcase time="0" classname="Test_Data2csv_function" name="Data2csv_works_with_China_rockfish"/>
    <testcase time="0" classname="Test_Data2csv_function" name="Data2csv_works_with_China_rockfish"/>
    <testcase time="0" classname="Test_Data2csv_function" name="Data2csv_works_with_China_rockfish"/>
    <testcase time="0" classname="Test_Data2csv_function" name="Data2csv_works_with_China_rockfish"/>
    <testcase time="0.01" classname="Test_Data2csv_function" name="Data2csv_works_with_China_rockfish"/>
    <testcase time="0" classname="Test_Data2csv_function" name="Data2csv_works_with_China_rockfish"/>
    <testcase time="0" classname="Test_Data2csv_function" name="Data2csv_works_with_China_rockfish"/>
    <testcase time="0" classname="Test_Data2csv_function" name="Data2csv_works_with_China_rockfish"/>
    <testcase time="0" classname="Test_Data2csv_function" name="Data2csv_works_with_China_rockfish"/>
    <testcase time="0.02" classname="Test_Data2csv_function" name="Data2csv_works_with_China_rockfish"/>
    <testcase time="0" classname="Test_Data2csv_function" name="Data2csv_works_with_China_rockfish"/>
    <testcase time="0" classname="Test_Data2csv_function" name="Data2csv_works_with_China_rockfish"/>
    <testcase time="0" classname="Test_Data2csv_function" name="Data2csv_works_with_China_rockfish"/>
    <testcase time="0.01" classname="Test_Data2csv_function" name="Data2csv_works_with_China_rockfish"/>
    <testcase time="0.02" classname="Test_Data2csv_function" name="Data2csv_works_with_China_rockfish"/>
    <testcase time="0" classname="Test_Data2csv_function" name="Data2csv_works_with_China_rockfish"/>
    <testcase time="0" classname="Test_Data2csv_function" name="Data2csv_works_with_China_rockfish"/>
    <testcase time="0" classname="Test_Data2csv_function" name="Data2csv_works_with_China_rockfish"/>
    <testcase time="0.01" classname="Test_Data2csv_function" name="Data2csv_works_with_China_rockfish"/>
    <testcase time="0" classname="Test_Data2csv_function" name="Data2csv_works_with_China_rockfish"/>
    <testcase time="0" classname="Test_Data2csv_function" name="Data2csv_works_with_China_rockfish"/>
    <testcase time="0" classname="Test_Data2csv_function" name="Data2csv_works_with_China_rockfish"/>
    <testcase time="0" classname="Test_Data2csv_function" name="Data2csv_works_with_China_rockfish"/>
    <testcase time="0.02" classname="Test_Data2csv_function" name="Data2csv_works_with_China_rockfish"/>
    <testcase time="0" classname="Test_Data2csv_function" name="Data2csv_works_with_China_rockfish"/>
    <testcase time="0" classname="Test_Data2csv_function" name="Data2csv_works_with_China_rockfish"/>
    <testcase time="0" classname="Test_Data2csv_function" name="Data2csv_works_with_China_rockfish"/>
    <testcase time="0" classname="Test_Data2csv_function" name="Data2csv_works_with_China_rockfish"/>
    <testcase time="0.02" classname="Test_Data2csv_function" name="Data2csv_works_with_China_rockfish"/>
    <testcase time="0" classname="Test_Data2csv_function" name="Data2csv_works_with_China_rockfish"/>
    <testcase time="0" classname="Test_Data2csv_function" name="Data2csv_works_with_China_rockfish"/>
    <testcase time="0" classname="Test_Data2csv_function" name="Data2csv_works_with_China_rockfish"/>
    <testcase time="0.01" classname="Test_Data2csv_function" name="Data2csv_works_with_China_rockfish"/>
    <testcase time="0" classname="Test_Data2csv_function" name="Data2csv_works_with_China_rockfish"/>
    <testcase time="0.02" classname="Test_Data2csv_function" name="Data2csv_works_with_China_rockfish"/>
    <testcase time="0" classname="Test_Data2csv_function" name="Data2csv_works_with_China_rockfish"/>
    <testcase time="0" classname="Test_Data2csv_function" name="Data2csv_works_with_China_rockfish"/>
    <testcase time="0" classname="Test_Data2csv_function" name="Data2csv_works_with_China_rockfish"/>
    <testcase time="0.01" classname="Test_Data2csv_function" name="Data2csv_works_with_China_rockfish"/>
    <testcase time="0" classname="Test_Data2csv_function" name="Data2csv_works_with_China_rockfish"/>
    <testcase time="0" classname="Test_Data2csv_function" name="Data2csv_works_with_China_rockfish"/>
    <testcase time="0" classname="Test_Data2csv_function" name="Data2csv_works_with_China_rockfish"/>
    <testcase time="0" classname="Test_Data2csv_function" name="Data2csv_works_with_China_rockfish"/>
    <testcase time="0.02" classname="Test_Data2csv_function" name="Data2csv_works_with_China_rockfish"/>
    <testcase time="0" classname="Test_Data2csv_function" name="Data2csv_works_with_China_rockfish"/>
    <testcase time="0" classname="Test_Data2csv_function" name="Data2csv_works_with_China_rockfish"/>
    <testcase time="0" classname="Test_Data2csv_function" name="Data2csv_works_with_China_rockfish"/>
    <testcase time="0.01" classname="Test_Data2csv_function" name="Data2csv_works_with_China_rockfish"/>
    <testcase time="0" classname="Test_Data2csv_function" name="Data2csv_works_with_China_rockfish"/>
    <testcase time="0" classname="Test_Data2csv_function" name="Data2csv_works_with_China_rockfish"/>
    <testcase time="0" classname="Test_Data2csv_function" name="Data2csv_works_with_China_rockfish"/>
    <testcase time="0" classname="Test_Data2csv_function" name="Data2csv_works_with_China_rockfish"/>
    <testcase time="0.02" classname="Test_Data2csv_function" name="Data2csv_works_with_China_rockfish"/>
    <testcase time="0" classname="Test_Data2csv_function" name="Data2csv_works_with_China_rockfish"/>
    <testcase time="0.02" classname="Test_Data2csv_function" name="Data2csv_works_with_China_rockfish"/>
    <testcase time="0" classname="Test_Data2csv_function" name="Data2csv_works_with_China_rockfish"/>
    <testcase time="0.32" classname="Test_Data2csv_function" name="Data2csv_works_with_Cobia"/>
    <testcase time="0" classname="Test_Data2csv_function" name="Data2csv_works_with_Cobia"/>
    <testcase time="0.07" classname="Test_Data2csv_function" name="Data2csv_works_with_Cobia"/>
    <testcase time="0" classname="Test_Data2csv_function" name="Data2csv_works_with_Cobia"/>
    <testcase time="0" classname="Test_Data2csv_function" name="Data2csv_works_with_Cobia"/>
    <testcase time="0" classname="Test_Data2csv_function" name="Data2csv_works_with_Cobia"/>
    <testcase time="0.01" classname="Test_Data2csv_function" name="Data2csv_works_with_Cobia"/>
    <testcase time="0" classname="Test_Data2csv_function" name="Data2csv_works_with_Cobia"/>
    <testcase time="0" classname="Test_Data2csv_function" name="Data2csv_works_with_Cobia"/>
    <testcase time="0" classname="Test_Data2csv_function" name="Data2csv_works_with_Cobia"/>
    <testcase time="0.02" classname="Test_Data2csv_function" name="Data2csv_works_with_Cobia"/>
    <testcase time="0" classname="Test_Data2csv_function" name="Data2csv_works_with_Cobia"/>
    <testcase time="0" classname="Test_Data2csv_function" name="Data2csv_works_with_Cobia"/>
    <testcase time="0.01" classname="Test_Data2csv_function" name="Data2csv_works_with_Cobia"/>
    <testcase time="0.02" classname="Test_Data2csv_function" name="Data2csv_works_with_Cobia"/>
    <testcase time="0" classname="Test_Data2csv_function" name="Data2csv_works_with_Cobia"/>
    <testcase time="0" classname="Test_Data2csv_function" name="Data2csv_works_with_Cobia"/>
    <testcase time="0" classname="Test_Data2csv_function" name="Data2csv_works_with_Cobia"/>
    <testcase time="0.01" classname="Test_Data2csv_function" name="Data2csv_works_with_Cobia"/>
    <testcase time="0" classname="Test_Data2csv_function" name="Data2csv_works_with_Cobia"/>
    <testcase time="0" classname="Test_Data2csv_function" name="Data2csv_works_with_Cobia"/>
    <testcase time="0" classname="Test_Data2csv_function" name="Data2csv_works_with_Cobia"/>
    <testcase time="0.02" classname="Test_Data2csv_function" name="Data2csv_works_with_Cobia"/>
    <testcase time="0" classname="Test_Data2csv_function" name="Data2csv_works_with_Cobia"/>
    <testcase time="0" classname="Test_Data2csv_function" name="Data2csv_works_with_Cobia"/>
    <testcase time="0" classname="Test_Data2csv_function" name="Data2csv_works_with_Cobia"/>
    <testcase time="0.02" classname="Test_Data2csv_function" name="Data2csv_works_with_Cobia"/>
    <testcase time="0" classname="Test_Data2csv_function" name="Data2csv_works_with_Cobia"/>
    <testcase time="0" classname="Test_Data2csv_function" name="Data2csv_works_with_Cobia"/>
    <testcase time="0.01" classname="Test_Data2csv_function" name="Data2csv_works_with_Cobia"/>
    <testcase time="0" classname="Test_Data2csv_function" name="Data2csv_works_with_Cobia"/>
    <testcase time="0.02" classname="Test_Data2csv_function" name="Data2csv_works_with_Cobia"/>
    <testcase time="0" classname="Test_Data2csv_function" name="Data2csv_works_with_Cobia"/>
    <testcase time="0" classname="Test_Data2csv_function" name="Data2csv_works_with_Cobia"/>
    <testcase time="0" classname="Test_Data2csv_function" name="Data2csv_works_with_Cobia"/>
    <testcase time="0.01" classname="Test_Data2csv_function" name="Data2csv_works_with_Cobia"/>
    <testcase time="0" classname="Test_Data2csv_function" name="Data2csv_works_with_Cobia"/>
    <testcase time="0" classname="Test_Data2csv_function" name="Data2csv_works_with_Cobia"/>
    <testcase time="0" classname="Test_Data2csv_function" name="Data2csv_works_with_Cobia"/>
    <testcase time="0.02" classname="Test_Data2csv_function" name="Data2csv_works_with_Cobia"/>
    <testcase time="0" classname="Test_Data2csv_function" name="Data2csv_works_with_Cobia"/>
    <testcase time="0" classname="Test_Data2csv_function" name="Data2csv_works_with_Cobia"/>
    <testcase time="0" classname="Test_Data2csv_function" name="Data2csv_works_with_Cobia"/>
    <testcase time="0.01" classname="Test_Data2csv_function" name="Data2csv_works_with_Cobia"/>
    <testcase time="0" classname="Test_Data2csv_function" name="Data2csv_works_with_Cobia"/>
    <testcase time="0.25" classname="Test_Data2csv_function" name="Data2csv_works_with_Cobia"/>
    <testcase time="0" classname="Test_Data2csv_function" name="Data2csv_works_with_Cobia"/>
    <testcase time="0" classname="Test_Data2csv_function" name="Data2csv_works_with_Cobia"/>
    <testcase time="0.02" classname="Test_Data2csv_function" name="Data2csv_works_with_Cobia"/>
    <testcase time="0" classname="Test_Data2csv_function" name="Data2csv_works_with_Cobia"/>
    <testcase time="0" classname="Test_Data2csv_function" name="Data2csv_works_with_Cobia"/>
    <testcase time="0" classname="Test_Data2csv_function" name="Data2csv_works_with_Cobia"/>
    <testcase time="0.01" classname="Test_Data2csv_function" name="Data2csv_works_with_Cobia"/>
    <testcase time="0" classname="Test_Data2csv_function" name="Data2csv_works_with_Cobia"/>
    <testcase time="0" classname="Test_Data2csv_function" name="Data2csv_works_with_Cobia"/>
    <testcase time="0" classname="Test_Data2csv_function" name="Data2csv_works_with_Cobia"/>
    <testcase time="0.02" classname="Test_Data2csv_function" name="Data2csv_works_with_Cobia"/>
    <testcase time="0" classname="Test_Data2csv_function" name="Data2csv_works_with_Cobia"/>
    <testcase time="0" classname="Test_Data2csv_function" name="Data2csv_works_with_Cobia"/>
    <testcase time="0" classname="Test_Data2csv_function" name="Data2csv_works_with_Cobia"/>
    <testcase time="0.02" classname="Test_Data2csv_function" name="Data2csv_works_with_Cobia"/>
    <testcase time="0" classname="Test_Data2csv_function" name="Data2csv_works_with_Cobia"/>
    <testcase time="0" classname="Test_Data2csv_function" name="Data2csv_works_with_Cobia"/>
    <testcase time="0" classname="Test_Data2csv_function" name="Data2csv_works_with_Cobia"/>
    <testcase time="0.01" classname="Test_Data2csv_function" name="Data2csv_works_with_Cobia"/>
    <testcase time="0" classname="Test_Data2csv_function" name="Data2csv_works_with_Cobia"/>
    <testcase time="0" classname="Test_Data2csv_function" name="Data2csv_works_with_Cobia"/>
    <testcase time="0.02" classname="Test_Data2csv_function" name="Data2csv_works_with_Cobia"/>
    <testcase time="0" classname="Test_Data2csv_function" name="Data2csv_works_with_Cobia"/>
    <testcase time="0" classname="Test_Data2csv_function" name="Data2csv_works_with_Cobia"/>
    <testcase time="0.01" classname="Test_Data2csv_function" name="Data2csv_works_with_Cobia"/>
    <testcase time="0" classname="Test_Data2csv_function" name="Data2csv_works_with_Cobia"/>
    <testcase time="0" classname="Test_Data2csv_function" name="Data2csv_works_with_Cobia"/>
    <testcase time="0" classname="Test_Data2csv_function" name="Data2csv_works_with_Cobia"/>
    <testcase time="0.02" classname="Test_Data2csv_function" name="Data2csv_works_with_Cobia"/>
    <testcase time="0" classname="Test_Data2csv_function" name="Data2csv_works_with_Cobia"/>
    <testcase time="0" classname="Test_Data2csv_function" name="Data2csv_works_with_Cobia"/>
    <testcase time="0" classname="Test_Data2csv_function" name="Data2csv_works_with_Cobia"/>
    <testcase time="0.01" classname="Test_Data2csv_function" name="Data2csv_works_with_Cobia"/>
    <testcase time="0" classname="Test_Data2csv_function" name="Data2csv_works_with_Cobia"/>
    <testcase time="0" classname="Test_Data2csv_function" name="Data2csv_works_with_Cobia"/>
    <testcase time="0" classname="Test_Data2csv_function" name="Data2csv_works_with_Cobia"/>
    <testcase time="0" classname="Test_Data2csv_function" name="Data2csv_works_with_Cobia"/>
    <testcase time="0.02" classname="Test_Data2csv_function" name="Data2csv_works_with_Cobia"/>
    <testcase time="0" classname="Test_Data2csv_function" name="Data2csv_works_with_Cobia"/>
    <testcase time="0" classname="Test_Data2csv_function" name="Data2csv_works_with_Cobia"/>
    <testcase time="0" classname="Test_Data2csv_function" name="Data2csv_works_with_Cobia"/>
    <testcase time="0.02" classname="Test_Data2csv_function" name="Data2csv_works_with_Cobia"/>
    <testcase time="0.01" classname="Test_Data2csv_function" name="Data2csv_works_with_Cobia"/>
    <testcase time="0" classname="Test_Data2csv_function" name="Data2csv_works_with_Cobia"/>
    <testcase time="0.02" classname="Test_Data2csv_function" name="Data2csv_works_with_Cobia"/>
    <testcase time="0" classname="Test_Data2csv_function" name="Data2csv_works_with_Cobia"/>
    <testcase time="0" classname="Test_Data2csv_function" name="Data2csv_works_with_Cobia"/>
    <testcase time="0" classname="Test_Data2csv_function" name="Data2csv_works_with_Cobia"/>
    <testcase time="0.01" classname="Test_Data2csv_function" name="Data2csv_works_with_Cobia"/>
    <testcase time="0" classname="Test_Data2csv_function" name="Data2csv_works_with_Cobia"/>
    <testcase time="0" classname="Test_Data2csv_function" name="Data2csv_works_with_Cobia"/>
    <testcase time="0" classname="Test_Data2csv_function" name="Data2csv_works_with_Cobia"/>
    <testcase time="0.02" classname="Test_Data2csv_function" name="Data2csv_works_with_Cobia"/>
    <testcase time="0" classname="Test_Data2csv_function" name="Data2csv_works_with_Cobia"/>
    <testcase time="0" classname="Test_Data2csv_function" name="Data2csv_works_with_Cobia"/>
    <testcase time="0" classname="Test_Data2csv_function" name="Data2csv_works_with_Cobia"/>
    <testcase time="0.01" classname="Test_Data2csv_function" name="Data2csv_works_with_Cobia"/>
    <testcase time="0" classname="Test_Data2csv_function" name="Data2csv_works_with_Cobia"/>
    <testcase time="0" classname="Test_Data2csv_function" name="Data2csv_works_with_Cobia"/>
    <testcase time="0.02" classname="Test_Data2csv_function" name="Data2csv_works_with_Cobia"/>
    <testcase time="0" classname="Test_Data2csv_function" name="Data2csv_works_with_Cobia"/>
    <testcase time="0" classname="Test_Data2csv_function" name="Data2csv_works_with_Cobia"/>
    <testcase time="0.01" classname="Test_Data2csv_function" name="Data2csv_works_with_Cobia"/>
    <testcase time="0" classname="Test_Data2csv_function" name="Data2csv_works_with_Cobia"/>
    <testcase time="0.02" classname="Test_Data2csv_function" name="Data2csv_works_with_Cobia"/>
    <testcase time="0" classname="Test_Data2csv_function" name="Data2csv_works_with_Cobia"/>
    <testcase time="0" classname="Test_Data2csv_function" name="Data2csv_works_with_Cobia"/>
    <testcase time="0" classname="Test_Data2csv_function" name="Data2csv_works_with_Cobia"/>
    <testcase time="0.02" classname="Test_Data2csv_function" name="Data2csv_works_with_Cobia"/>
    <testcase time="0" classname="Test_Data2csv_function" name="Data2csv_works_with_Cobia"/>
    <testcase time="0" classname="Test_Data2csv_function" name="Data2csv_works_with_Cobia"/>
    <testcase time="0" classname="Test_Data2csv_function" name="Data2csv_works_with_Cobia"/>
    <testcase time="0.01" classname="Test_Data2csv_function" name="Data2csv_works_with_Cobia"/>
    <testcase time="0" classname="Test_Data2csv_function" name="Data2csv_works_with_Cobia"/>
    <testcase time="0" classname="Test_Data2csv_function" name="Data2csv_works_with_Cobia"/>
    <testcase time="0.02" classname="Test_Data2csv_function" name="Data2csv_works_with_Cobia"/>
    <testcase time="0" classname="Test_Data2csv_function" name="Data2csv_works_with_Cobia"/>
    <testcase time="0" classname="Test_Data2csv_function" name="Data2csv_works_with_Cobia"/>
    <testcase time="0" classname="Test_Data2csv_function" name="Data2csv_works_with_Cobia"/>
    <testcase time="0.01" classname="Test_Data2csv_function" name="Data2csv_works_with_Cobia"/>
    <testcase time="0.02" classname="Test_Data2csv_function" name="Data2csv_works_with_Cobia"/>
    <testcase time="0" classname="Test_Data2csv_function" name="Data2csv_works_with_Cobia"/>
    <testcase time="0" classname="Test_Data2csv_function" name="Data2csv_works_with_Cobia"/>
    <testcase time="0" classname="Test_Data2csv_function" name="Data2csv_works_with_Cobia"/>
    <testcase time="0.01" classname="Test_Data2csv_function" name="Data2csv_works_with_Cobia"/>
    <testcase time="0" classname="Test_Data2csv_function" name="Data2csv_works_with_Cobia"/>
    <testcase time="0" classname="Test_Data2csv_function" name="Data2csv_works_with_Cobia"/>
    <testcase time="0.02" classname="Test_Data2csv_function" name="Data2csv_works_with_Cobia"/>
    <testcase time="0" classname="Test_Data2csv_function" name="Data2csv_works_with_Cobia"/>
    <testcase time="0" classname="Test_Data2csv_function" name="Data2csv_works_with_Cobia"/>
    <testcase time="0" classname="Test_Data2csv_function" name="Data2csv_works_with_Cobia"/>
    <testcase time="0.02" classname="Test_Data2csv_function" name="Data2csv_works_with_Cobia"/>
    <testcase time="0" classname="Test_Data2csv_function" name="Data2csv_works_with_Cobia"/>
    <testcase time="0" classname="Test_Data2csv_function" name="Data2csv_works_with_Cobia"/>
    <testcase time="0.01" classname="Test_Data2csv_function" name="Data2csv_works_with_Cobia"/>
    <testcase time="0" classname="Test_Data2csv_function" name="Data2csv_works_with_Cobia"/>
    <testcase time="0" classname="Test_Data2csv_function" name="Data2csv_works_with_Cobia"/>
    <testcase time="0.28" classname="Test_Data2csv_function" name="Data2csv_works_with_Example_datafile"/>
    <testcase time="0" classname="Test_Data2csv_function" name="Data2csv_works_with_Example_datafile"/>
    <testcase time="0.02" classname="Test_Data2csv_function" name="Data2csv_works_with_Example_datafile"/>
    <testcase time="0" classname="Test_Data2csv_function" name="Data2csv_works_with_Example_datafile"/>
    <testcase time="0" classname="Test_Data2csv_function" name="Data2csv_works_with_Example_datafile"/>
    <testcase time="0.01" classname="Test_Data2csv_function" name="Data2csv_works_with_Example_datafile"/>
    <testcase time="0" classname="Test_Data2csv_function" name="Data2csv_works_with_Example_datafile"/>
    <testcase time="0" classname="Test_Data2csv_function" name="Data2csv_works_with_Example_datafile"/>
    <testcase time="0" classname="Test_Data2csv_function" name="Data2csv_works_with_Example_datafile"/>
    <testcase time="0.02" classname="Test_Data2csv_function" name="Data2csv_works_with_Example_datafile"/>
    <testcase time="0" classname="Test_Data2csv_function" name="Data2csv_works_with_Example_datafile"/>
    <testcase time="0" classname="Test_Data2csv_function" name="Data2csv_works_with_Example_datafile"/>
    <testcase time="0.01" classname="Test_Data2csv_function" name="Data2csv_works_with_Example_datafile"/>
    <testcase time="0" classname="Test_Data2csv_function" name="Data2csv_works_with_Example_datafile"/>
    <testcase time="0" classname="Test_Data2csv_function" name="Data2csv_works_with_Example_datafile"/>
    <testcase time="0.02" classname="Test_Data2csv_function" name="Data2csv_works_with_Example_datafile"/>
    <testcase time="0.02" classname="Test_Data2csv_function" name="Data2csv_works_with_Example_datafile"/>
    <testcase time="0" classname="Test_Data2csv_function" name="Data2csv_works_with_Example_datafile"/>
    <testcase time="0" classname="Test_Data2csv_function" name="Data2csv_works_with_Example_datafile"/>
    <testcase time="0.01" classname="Test_Data2csv_function" name="Data2csv_works_with_Example_datafile"/>
    <testcase time="0" classname="Test_Data2csv_function" name="Data2csv_works_with_Example_datafile"/>
    <testcase time="0" classname="Test_Data2csv_function" name="Data2csv_works_with_Example_datafile"/>
    <testcase time="0.02" classname="Test_Data2csv_function" name="Data2csv_works_with_Example_datafile"/>
    <testcase time="0" classname="Test_Data2csv_function" name="Data2csv_works_with_Example_datafile"/>
    <testcase time="0" classname="Test_Data2csv_function" name="Data2csv_works_with_Example_datafile"/>
    <testcase time="0" classname="Test_Data2csv_function" name="Data2csv_works_with_Example_datafile"/>
    <testcase time="0.01" classname="Test_Data2csv_function" name="Data2csv_works_with_Example_datafile"/>
    <testcase time="0" classname="Test_Data2csv_function" name="Data2csv_works_with_Example_datafile"/>
    <testcase time="0" classname="Test_Data2csv_function" name="Data2csv_works_with_Example_datafile"/>
    <testcase time="0.02" classname="Test_Data2csv_function" name="Data2csv_works_with_Example_datafile"/>
    <testcase time="0" classname="Test_Data2csv_function" name="Data2csv_works_with_Example_datafile"/>
    <testcase time="0.01" classname="Test_Data2csv_function" name="Data2csv_works_with_Example_datafile"/>
    <testcase time="0" classname="Test_Data2csv_function" name="Data2csv_works_with_Example_datafile"/>
    <testcase time="0.02" classname="Test_Data2csv_function" name="Data2csv_works_with_Example_datafile"/>
    <testcase time="0.05" classname="Test_Data2csv_function" name="Data2csv_works_with_Example_datafile"/>
    <testcase time="0" classname="Test_Data2csv_function" name="Data2csv_works_with_Example_datafile"/>
    <testcase time="0" classname="Test_Data2csv_function" name="Data2csv_works_with_Example_datafile"/>
    <testcase time="0.01" classname="Test_Data2csv_function" name="Data2csv_works_with_Example_datafile"/>
    <testcase time="0" classname="Test_Data2csv_function" name="Data2csv_works_with_Example_datafile"/>
    <testcase time="0" classname="Test_Data2csv_function" name="Data2csv_works_with_Example_datafile"/>
    <testcase time="0.02" classname="Test_Data2csv_function" name="Data2csv_works_with_Example_datafile"/>
    <testcase time="0" classname="Test_Data2csv_function" name="Data2csv_works_with_Example_datafile"/>
    <testcase time="0" classname="Test_Data2csv_function" name="Data2csv_works_with_Example_datafile"/>
    <testcase time="0.01" classname="Test_Data2csv_function" name="Data2csv_works_with_Example_datafile"/>
    <testcase time="0" classname="Test_Data2csv_function" name="Data2csv_works_with_Example_datafile"/>
    <testcase time="0.02" classname="Test_Data2csv_function" name="Data2csv_works_with_Example_datafile"/>
    <testcase time="0.01" classname="Test_Data2csv_function" name="Data2csv_works_with_Example_datafile"/>
    <testcase time="0" classname="Test_Data2csv_function" name="Data2csv_works_with_Example_datafile"/>
    <testcase time="0" classname="Test_Data2csv_function" name="Data2csv_works_with_Example_datafile"/>
    <testcase time="0.02" classname="Test_Data2csv_function" name="Data2csv_works_with_Example_datafile"/>
    <testcase time="0" classname="Test_Data2csv_function" name="Data2csv_works_with_Example_datafile"/>
    <testcase time="0" classname="Test_Data2csv_function" name="Data2csv_works_with_Example_datafile"/>
    <testcase time="0" classname="Test_Data2csv_function" name="Data2csv_works_with_Example_datafile"/>
    <testcase time="0.02" classname="Test_Data2csv_function" name="Data2csv_works_with_Example_datafile"/>
    <testcase time="0" classname="Test_Data2csv_function" name="Data2csv_works_with_Example_datafile"/>
    <testcase time="0" classname="Test_Data2csv_function" name="Data2csv_works_with_Example_datafile"/>
    <testcase time="0.01" classname="Test_Data2csv_function" name="Data2csv_works_with_Example_datafile"/>
    <testcase time="0" classname="Test_Data2csv_function" name="Data2csv_works_with_Example_datafile"/>
    <testcase time="0.02" classname="Test_Data2csv_function" name="Data2csv_works_with_Example_datafile"/>
    <testcase time="0" classname="Test_Data2csv_function" name="Data2csv_works_with_Example_datafile"/>
    <testcase time="0.01" classname="Test_Data2csv_function" name="Data2csv_works_with_Example_datafile"/>
    <testcase time="0" classname="Test_Data2csv_function" name="Data2csv_works_with_Example_datafile"/>
    <testcase time="0" classname="Test_Data2csv_function" name="Data2csv_works_with_Example_datafile"/>
    <testcase time="0.02" classname="Test_Data2csv_function" name="Data2csv_works_with_Example_datafile"/>
    <testcase time="0" classname="Test_Data2csv_function" name="Data2csv_works_with_Example_datafile"/>
    <testcase time="0" classname="Test_Data2csv_function" name="Data2csv_works_with_Example_datafile"/>
    <testcase time="0.01" classname="Test_Data2csv_function" name="Data2csv_works_with_Example_datafile"/>
    <testcase time="0" classname="Test_Data2csv_function" name="Data2csv_works_with_Example_datafile"/>
    <testcase time="0" classname="Test_Data2csv_function" name="Data2csv_works_with_Example_datafile"/>
    <testcase time="0.02" classname="Test_Data2csv_function" name="Data2csv_works_with_Example_datafile"/>
    <testcase time="0" classname="Test_Data2csv_function" name="Data2csv_works_with_Example_datafile"/>
    <testcase time="0.02" classname="Test_Data2csv_function" name="Data2csv_works_with_Example_datafile"/>
    <testcase time="0" classname="Test_Data2csv_function" name="Data2csv_works_with_Example_datafile"/>
    <testcase time="0.01" classname="Test_Data2csv_function" name="Data2csv_works_with_Example_datafile"/>
    <testcase time="0" classname="Test_Data2csv_function" name="Data2csv_works_with_Example_datafile"/>
    <testcase time="0" classname="Test_Data2csv_function" name="Data2csv_works_with_Example_datafile"/>
    <testcase time="0.02" classname="Test_Data2csv_function" name="Data2csv_works_with_Example_datafile"/>
    <testcase time="0" classname="Test_Data2csv_function" name="Data2csv_works_with_Example_datafile"/>
    <testcase time="0" classname="Test_Data2csv_function" name="Data2csv_works_with_Example_datafile"/>
    <testcase time="0.01" classname="Test_Data2csv_function" name="Data2csv_works_with_Example_datafile"/>
    <testcase time="0" classname="Test_Data2csv_function" name="Data2csv_works_with_Example_datafile"/>
    <testcase time="0" classname="Test_Data2csv_function" name="Data2csv_works_with_Example_datafile"/>
    <testcase time="0.02" classname="Test_Data2csv_function" name="Data2csv_works_with_Example_datafile"/>
    <testcase time="0" classname="Test_Data2csv_function" name="Data2csv_works_with_Example_datafile"/>
    <testcase time="0.01" classname="Test_Data2csv_function" name="Data2csv_works_with_Example_datafile"/>
    <testcase time="0" classname="Test_Data2csv_function" name="Data2csv_works_with_Example_datafile"/>
    <testcase time="0.02" classname="Test_Data2csv_function" name="Data2csv_works_with_Example_datafile"/>
    <testcase time="0" classname="Test_Data2csv_function" name="Data2csv_works_with_Example_datafile"/>
    <testcase time="0" classname="Test_Data2csv_function" name="Data2csv_works_with_Example_datafile"/>
    <testcase time="0.01" classname="Test_Data2csv_function" name="Data2csv_works_with_Example_datafile"/>
    <testcase time="0" classname="Test_Data2csv_function" name="Data2csv_works_with_Example_datafile"/>
    <testcase time="0" classname="Test_Data2csv_function" name="Data2csv_works_with_Example_datafile"/>
    <testcase time="0.02" classname="Test_Data2csv_function" name="Data2csv_works_with_Example_datafile"/>
    <testcase time="0" classname="Test_Data2csv_function" name="Data2csv_works_with_Example_datafile"/>
    <testcase time="0.02" classname="Test_Data2csv_function" name="Data2csv_works_with_Example_datafile"/>
    <testcase time="0.01" classname="Test_Data2csv_function" name="Data2csv_works_with_Example_datafile"/>
    <testcase time="0" classname="Test_Data2csv_function" name="Data2csv_works_with_Example_datafile"/>
    <testcase time="0" classname="Test_Data2csv_function" name="Data2csv_works_with_Example_datafile"/>
    <testcase time="0.02" classname="Test_Data2csv_function" name="Data2csv_works_with_Example_datafile"/>
    <testcase time="0" classname="Test_Data2csv_function" name="Data2csv_works_with_Example_datafile"/>
    <testcase time="0" classname="Test_Data2csv_function" name="Data2csv_works_with_Example_datafile"/>
    <testcase time="0.01" classname="Test_Data2csv_function" name="Data2csv_works_with_Example_datafile"/>
    <testcase time="0" classname="Test_Data2csv_function" name="Data2csv_works_with_Example_datafile"/>
    <testcase time="0" classname="Test_Data2csv_function" name="Data2csv_works_with_Example_datafile"/>
    <testcase time="0.02" classname="Test_Data2csv_function" name="Data2csv_works_with_Example_datafile"/>
    <testcase time="0" classname="Test_Data2csv_function" name="Data2csv_works_with_Example_datafile"/>
    <testcase time="0.01" classname="Test_Data2csv_function" name="Data2csv_works_with_Example_datafile"/>
    <testcase time="0" classname="Test_Data2csv_function" name="Data2csv_works_with_Example_datafile"/>
    <testcase time="0.02" classname="Test_Data2csv_function" name="Data2csv_works_with_Example_datafile"/>
    <testcase time="0" classname="Test_Data2csv_function" name="Data2csv_works_with_Example_datafile"/>
    <testcase time="0" classname="Test_Data2csv_function" name="Data2csv_works_with_Example_datafile"/>
    <testcase time="0.02" classname="Test_Data2csv_function" name="Data2csv_works_with_Example_datafile"/>
    <testcase time="0" classname="Test_Data2csv_function" name="Data2csv_works_with_Example_datafile"/>
    <testcase time="0" classname="Test_Data2csv_function" name="Data2csv_works_with_Example_datafile"/>
    <testcase time="0.01" classname="Test_Data2csv_function" name="Data2csv_works_with_Example_datafile"/>
    <testcase time="0" classname="Test_Data2csv_function" name="Data2csv_works_with_Example_datafile"/>
    <testcase time="0.02" classname="Test_Data2csv_function" name="Data2csv_works_with_Example_datafile"/>
    <testcase time="0.01" classname="Test_Data2csv_function" name="Data2csv_works_with_Example_datafile"/>
    <testcase time="0" classname="Test_Data2csv_function" name="Data2csv_works_with_Example_datafile"/>
    <testcase time="0" classname="Test_Data2csv_function" name="Data2csv_works_with_Example_datafile"/>
    <testcase time="0.02" classname="Test_Data2csv_function" name="Data2csv_works_with_Example_datafile"/>
    <testcase time="0" classname="Test_Data2csv_function" name="Data2csv_works_with_Example_datafile"/>
    <testcase time="0" classname="Test_Data2csv_function" name="Data2csv_works_with_Example_datafile"/>
    <testcase time="0.01" classname="Test_Data2csv_function" name="Data2csv_works_with_Example_datafile"/>
    <testcase time="0" classname="Test_Data2csv_function" name="Data2csv_works_with_Example_datafile"/>
    <testcase time="0.02" classname="Test_Data2csv_function" name="Data2csv_works_with_Example_datafile"/>
    <testcase time="0" classname="Test_Data2csv_function" name="Data2csv_works_with_Example_datafile"/>
    <testcase time="0.01" classname="Test_Data2csv_function" name="Data2csv_works_with_Example_datafile"/>
    <testcase time="0" classname="Test_Data2csv_function" name="Data2csv_works_with_Example_datafile"/>
    <testcase time="0.02" classname="Test_Data2csv_function" name="Data2csv_works_with_Example_datafile"/>
    <testcase time="0" classname="Test_Data2csv_function" name="Data2csv_works_with_Example_datafile"/>
    <testcase time="0" classname="Test_Data2csv_function" name="Data2csv_works_with_Example_datafile"/>
    <testcase time="0.02" classname="Test_Data2csv_function" name="Data2csv_works_with_Example_datafile"/>
    <testcase time="0" classname="Test_Data2csv_function" name="Data2csv_works_with_Example_datafile"/>
    <testcase time="0.01" classname="Test_Data2csv_function" name="Data2csv_works_with_Example_datafile"/>
    <testcase time="0" classname="Test_Data2csv_function" name="Data2csv_works_with_Example_datafile"/>
    <testcase time="0.02" classname="Test_Data2csv_function" name="Data2csv_works_with_Example_datafile"/>
    <testcase time="0" classname="Test_Data2csv_function" name="Data2csv_works_with_Example_datafile"/>
    <testcase time="0.01" classname="Test_Data2csv_function" name="Data2csv_works_with_Example_datafile"/>
    <testcase time="0" classname="Test_Data2csv_function" name="Data2csv_works_with_Example_datafile"/>
    <testcase time="0.02" classname="Test_Data2csv_function" name="Data2csv_works_with_Example_datafile"/>
    <testcase time="0" classname="Test_Data2csv_function" name="Data2csv_works_with_Example_datafile"/>
    <testcase time="0" classname="Test_Data2csv_function" name="Data2csv_works_with_Example_datafile"/>
    <testcase time="0.22" classname="Test_Data2csv_function" name="Data2csv_works_with_Gulf_blue_tilefish"/>
    <testcase time="0.01" classname="Test_Data2csv_function" name="Data2csv_works_with_Gulf_blue_tilefish"/>
    <testcase time="0" classname="Test_Data2csv_function" name="Data2csv_works_with_Gulf_blue_tilefish"/>
    <testcase time="0.02" classname="Test_Data2csv_function" name="Data2csv_works_with_Gulf_blue_tilefish"/>
    <testcase time="0" classname="Test_Data2csv_function" name="Data2csv_works_with_Gulf_blue_tilefish"/>
    <testcase time="0" classname="Test_Data2csv_function" name="Data2csv_works_with_Gulf_blue_tilefish"/>
    <testcase time="0.01" classname="Test_Data2csv_function" name="Data2csv_works_with_Gulf_blue_tilefish"/>
    <testcase time="0" classname="Test_Data2csv_function" name="Data2csv_works_with_Gulf_blue_tilefish"/>
    <testcase time="0.02" classname="Test_Data2csv_function" name="Data2csv_works_with_Gulf_blue_tilefish"/>
    <testcase time="0" classname="Test_Data2csv_function" name="Data2csv_works_with_Gulf_blue_tilefish"/>
    <testcase time="0.06" classname="Test_Data2csv_function" name="Data2csv_works_with_Gulf_blue_tilefish"/>
    <testcase time="0" classname="Test_Data2csv_function" name="Data2csv_works_with_Gulf_blue_tilefish"/>
    <testcase time="0.02" classname="Test_Data2csv_function" name="Data2csv_works_with_Gulf_blue_tilefish"/>
    <testcase time="0" classname="Test_Data2csv_function" name="Data2csv_works_with_Gulf_blue_tilefish"/>
    <testcase time="0" classname="Test_Data2csv_function" name="Data2csv_works_with_Gulf_blue_tilefish"/>
    <testcase time="0.01" classname="Test_Data2csv_function" name="Data2csv_works_with_Gulf_blue_tilefish"/>
    <testcase time="0" classname="Test_Data2csv_function" name="Data2csv_works_with_Gulf_blue_tilefish"/>
    <testcase time="0.02" classname="Test_Data2csv_function" name="Data2csv_works_with_Gulf_blue_tilefish"/>
    <testcase time="0.01" classname="Test_Data2csv_function" name="Data2csv_works_with_Gulf_blue_tilefish"/>
    <testcase time="0" classname="Test_Data2csv_function" name="Data2csv_works_with_Gulf_blue_tilefish"/>
    <testcase time="0.02" classname="Test_Data2csv_function" name="Data2csv_works_with_Gulf_blue_tilefish"/>
    <testcase time="0" classname="Test_Data2csv_function" name="Data2csv_works_with_Gulf_blue_tilefish"/>
    <testcase time="0" classname="Test_Data2csv_function" name="Data2csv_works_with_Gulf_blue_tilefish"/>
    <testcase time="0.02" classname="Test_Data2csv_function" name="Data2csv_works_with_Gulf_blue_tilefish"/>
    <testcase time="0" classname="Test_Data2csv_function" name="Data2csv_works_with_Gulf_blue_tilefish"/>
    <testcase time="0.01" classname="Test_Data2csv_function" name="Data2csv_works_with_Gulf_blue_tilefish"/>
    <testcase time="0.02" classname="Test_Data2csv_function" name="Data2csv_works_with_Gulf_blue_tilefish"/>
    <testcase time="0" classname="Test_Data2csv_function" name="Data2csv_works_with_Gulf_blue_tilefish"/>
    <testcase time="0.01" classname="Test_Data2csv_function" name="Data2csv_works_with_Gulf_blue_tilefish"/>
    <testcase time="0" classname="Test_Data2csv_function" name="Data2csv_works_with_Gulf_blue_tilefish"/>
    <testcase time="0" classname="Test_Data2csv_function" name="Data2csv_works_with_Gulf_blue_tilefish"/>
    <testcase time="0.02" classname="Test_Data2csv_function" name="Data2csv_works_with_Gulf_blue_tilefish"/>
    <testcase time="0" classname="Test_Data2csv_function" name="Data2csv_works_with_Gulf_blue_tilefish"/>
    <testcase time="0.01" classname="Test_Data2csv_function" name="Data2csv_works_with_Gulf_blue_tilefish"/>
    <testcase time="0.02" classname="Test_Data2csv_function" name="Data2csv_works_with_Gulf_blue_tilefish"/>
    <testcase time="0" classname="Test_Data2csv_function" name="Data2csv_works_with_Gulf_blue_tilefish"/>
    <testcase time="0" classname="Test_Data2csv_function" name="Data2csv_works_with_Gulf_blue_tilefish"/>
    <testcase time="0.02" classname="Test_Data2csv_function" name="Data2csv_works_with_Gulf_blue_tilefish"/>
    <testcase time="0" classname="Test_Data2csv_function" name="Data2csv_works_with_Gulf_blue_tilefish"/>
    <testcase time="0.01" classname="Test_Data2csv_function" name="Data2csv_works_with_Gulf_blue_tilefish"/>
    <testcase time="0" classname="Test_Data2csv_function" name="Data2csv_works_with_Gulf_blue_tilefish"/>
    <testcase time="0.02" classname="Test_Data2csv_function" name="Data2csv_works_with_Gulf_blue_tilefish"/>
    <testcase time="0.01" classname="Test_Data2csv_function" name="Data2csv_works_with_Gulf_blue_tilefish"/>
    <testcase time="0" classname="Test_Data2csv_function" name="Data2csv_works_with_Gulf_blue_tilefish"/>
    <testcase time="0" classname="Test_Data2csv_function" name="Data2csv_works_with_Gulf_blue_tilefish"/>
    <testcase time="0.02" classname="Test_Data2csv_function" name="Data2csv_works_with_Gulf_blue_tilefish"/>
    <testcase time="0" classname="Test_Data2csv_function" name="Data2csv_works_with_Gulf_blue_tilefish"/>
    <testcase time="0.01" classname="Test_Data2csv_function" name="Data2csv_works_with_Gulf_blue_tilefish"/>
    <testcase time="0.03" classname="Test_Data2csv_function" name="Data2csv_works_with_Gulf_blue_tilefish"/>
    <testcase time="0" classname="Test_Data2csv_function" name="Data2csv_works_with_Gulf_blue_tilefish"/>
    <testcase time="0.02" classname="Test_Data2csv_function" name="Data2csv_works_with_Gulf_blue_tilefish"/>
    <testcase time="0.02" classname="Test_Data2csv_function" name="Data2csv_works_with_Gulf_blue_tilefish"/>
    <testcase time="0" classname="Test_Data2csv_function" name="Data2csv_works_with_Gulf_blue_tilefish"/>
    <testcase time="0" classname="Test_Data2csv_function" name="Data2csv_works_with_Gulf_blue_tilefish"/>
    <testcase time="0.01" classname="Test_Data2csv_function" name="Data2csv_works_with_Gulf_blue_tilefish"/>
    <testcase time="0" classname="Test_Data2csv_function" name="Data2csv_works_with_Gulf_blue_tilefish"/>
    <testcase time="0.02" classname="Test_Data2csv_function" name="Data2csv_works_with_Gulf_blue_tilefish"/>
    <testcase time="0" classname="Test_Data2csv_function" name="Data2csv_works_with_Gulf_blue_tilefish"/>
    <testcase time="0.01" classname="Test_Data2csv_function" name="Data2csv_works_with_Gulf_blue_tilefish"/>
    <testcase time="0" classname="Test_Data2csv_function" name="Data2csv_works_with_Gulf_blue_tilefish"/>
    <testcase time="0" classname="Test_Data2csv_function" name="Data2csv_works_with_Gulf_blue_tilefish"/>
    <testcase time="0.03" classname="Test_Data2csv_function" name="Data2csv_works_with_Gulf_blue_tilefish"/>
    <testcase time="0" classname="Test_Data2csv_function" name="Data2csv_works_with_Gulf_blue_tilefish"/>
    <testcase time="0.02" classname="Test_Data2csv_function" name="Data2csv_works_with_Gulf_blue_tilefish"/>
    <testcase time="0" classname="Test_Data2csv_function" name="Data2csv_works_with_Gulf_blue_tilefish"/>
    <testcase time="0.02" classname="Test_Data2csv_function" name="Data2csv_works_with_Gulf_blue_tilefish"/>
    <testcase time="0" classname="Test_Data2csv_function" name="Data2csv_works_with_Gulf_blue_tilefish"/>
[...]
       0.124127702229656, 0.127113217726815, 0.122558920209296, 0.122804729741532, 0.123348811801523, 
       0.123592141917907, 0.125524264113046, 0.124450495601632, 0.126242930297274, 0.125231781299692, 
       0.124148206150159, 0.12303135180939, 0.124787720087916, 0.127189290816896, 0.122752108525019, 
       0.122514415360056, 0.125931726078503), Ksd = c(0.0211870220082346, 0.000381395278964192, 
       0.00799662657664157, 0.00564038344309665, 0.0109624690841883, 0.016830818168819, 
       0.0140035001502838, 0.00896284041227773, 0.00156803989666514, 0.00824203357915394, 
       0.0160879305971321, 0.0136122665775474, 0.0168831639981363, 0.00675436767633073, 
       0.00270660513197072, 0.0223007306689397, 0.00731369518907741, 0.0141537458111998, 
       0.0232373617356643, 0.00839504622854292, 0.0191225843678694, 0.0123057684919331, 
       0.022439944249345, 0.020649161527399, 0.00752049243892543, 0.0195977704948746, 
       0.00276203463436104, 0.00544573761289939, 0.0139782720711082), L5 = c(8.20925448718926, 
       8.0244998527385, 8.53403766691232, 10.2896514285208, 10.1334756857751, 12.8523865093985, 
       11.4049315982697, 7.64040164653539, 11.4096686602953, 7.94449093767487, 10.565931425569, 
       8.86056228113047, 8.21839640111791, 10.9741892528181, 11.8692932319696, 12.7520198091241, 
       11.0159371857326, 10.7009248149876, 8.65682794879885, 12.3295413084332, 10.7041273614556, 
       8.74474132751834, 8.32111044522775, 9.45429806691791, 6.86588959633347, 10.9140523527307, 
       8.45446457352037, 13.5051995163083, 9.28275273330556), L50 = c(37.2280486952513, 
       32.2549574435689, 34.1846461989917, 32.2133437558077, 32.1253844089806, 32.4103643083945, 
       34.087119194679, 34.4376566284336, 33.1433697747998, 36.7685500350781, 37.549709607847, 
       36.9221966094337, 35.188418019563, 32.3459965460934, 32.139728020411, 37.633693321608, 
       33.9772895779461, 37.3612414575182, 32.4253085670061, 33.951952425763, 33.92745312443, 
       36.7962509510107, 34.9356956048869, 34.6154345776886, 33.8140460373834, 34.8055967707187, 
       36.9129244643264, 37.7155457995832, 37.276948644314), L50_95 = c(13.7064124632161, 
       13.0510973799974, 14.4859969276004, 13.2896827224176, 13.754891421413, 13.8478644923307, 
       12.1974724908359, 12.3990379446186, 14.025432237424, 13.2166163467336, 14.3627411657944, 
       14.0985488835722, 13.645342197502, 14.4410067801364, 14.9854518603534, 12.7666584437247, 
       13.8470996387769, 14.1830191486515, 14.2448636591434, 12.1570775737055, 13.8557577452157, 
       12.1100371379871, 14.0749422709923, 14.2893798386212, 13.6639059958979, 12.9648649196606, 
       14.022906025406, 13.84524853318, 12.6459546878468), L95 = c(50.9344611584675, 
       45.3060548235662, 48.670643126592, 45.5030264782254, 45.8802758303937, 46.2582288007252, 
       46.2845916855149, 46.8366945730522, 47.1688020122238, 49.9851663818117, 51.9124507736415, 
       51.020745493006, 48.833760217065, 46.7870033262298, 47.1251798807643, 50.4003517653327, 
       47.8243892167229, 51.5442606061697, 46.6701722261496, 46.1090299994685, 47.7832108696457, 
       48.9062880889978, 49.0106378758792, 48.9048144163098, 47.4779520332813, 47.7704616903793, 
       50.9358304897323, 51.5607943327632, 49.9229033321608), LenCV = c(0.11439559077844, 
       0.10876387999393, 0.0847430571634322, 0.113794205151498, 0.086172995287925, 0.110387362865731, 
       0.106190086379647, 0.081594967097044, 0.0835463776439428, 0.105229327259585, 
       0.09930648971349, 0.109977547172457, 0.113441964173689, 0.109997420879081, 0.0900473716855049, 
       0.0848241380508989, 0.105056065190583, 0.0845701300166547, 0.106444196682423, 
       0.113253650693223, 0.11266733346507, 0.117221249630675, 0.112218281244859, 0.102600381923839, 
       0.095556041682139, 0.102474286369979, 0.109031001599506, 0.101311451727524, 0.100262343594804
       ), LFR = c(0, 0, 0, 0, 0, 0, 0, 0, 0, 0, 0, 0, 0, 0, 0, 0, 0, 0, 0, 0, 0, 0, 
       0, 0, 0, 0, 0, 0, 0), LFS = c(33.7070172645233, 27.3150875240066, 26.8183832012991, 
       30.9119586274092, 25.8812270659522, 32.7985537832452, 36.9942060425082, 31.4901614629205, 
       29.0606356618811, 34.0142080816671, 40.2911082192005, 30.816887595635, 27.4879840405214, 
       33.2197454740691, 29.4727745216376, 34.5517771321188, 27.199195035218, 29.326636399031, 
       27.1664350376432, 28.0252250145852, 33.5683488009451, 29.2887686740921, 27.666230789439, 
       33.9077779518538, 31.3726553351949, 31.9827386817782, 31.7655137312617, 39.6869394279863, 
       34.1214111102859), Linf = c(64.3185426946729, 64.8262783279642, 67.1079629557207, 
       66.3603749163449, 64.5761370239779, 65.7667365726084, 66.129746296443, 65.0863501084968, 
       65.5900982767344, 64.7906881608069, 65.740603454411, 66.3702574055642, 65.4671619487926, 
       66.5489984881133, 65.8603668203577, 65.8005349403247, 66.1419156370685, 66.9386275038123, 
       65.8776668244973, 66.9060639962554, 65.7462561223656, 66.768740943633, 64.2832691157237, 
       64.0514344852418, 64.5995402261615, 64.3973787231371, 65.9092752663419, 64.9735502526164, 
       65.589689809829), Linfsd = c(0.0215381979534868, 0.00522821508347988, 0.0081520875741262, 
       0.0202589541731868, 0.00851744065876119, 0.00423754963558167, 0.0208688487589825, 
       0.0142419044394046, 0.00943260018830188, 0.014658486074768, 0.0205038998101372, 
       0.0148477048613131, 0.0186480238335207, 0.0157723364478443, 0.0170235709170811, 
       0.0124699778796639, 0.0221831495640799, 0.010116286855191, 0.0199823183531407, 
       0.000539074128028005, 0.0173672131961212, 0.0140529002354015, 0.00964200348244049, 
       0.0114632663549855, 0.0244819605373777, 0.0199403143429663, 0.0152664198889397, 
       0.0184162541583646, 0.00488793958793394), LR5 = c(0, 0, 0, 0, 0, 0, 0, 0, 0, 
       0, 0, 0, 0, 0, 0, 0, 0, 0, 0, 0, 0, 0, 0, 0, 0, 0, 0, 0, 0), M = c(0.0669648034404963, 
       0.041834291703999, 0.0612191405985504, 0.062874358324334, 0.0635218021925539, 
       0.0554541044030339, 0.0730207335669547, 0.0457470907364041, 0.0561339464131743, 
       0.0487279117573053, 0.0556802818365395, 0.0655945561546832, 0.0626602933276445, 
       0.0559952729847282, 0.0682136314827949, 0.079868313157931, 0.0433253714349121, 
       0.0466151906177402, 0.0447256994899362, 0.0675255409255624, 0.0607388232089579, 
       0.0793578605912626, 0.0527619765512645, 0.0544870924483985, 0.0523823457863182, 
       0.0665574207250029, 0.0613725991360843, 0.0531544821243733, 0.0415728229191154
       ), maxF = c(0.8, 0.8, 0.8, 0.8, 0.8, 0.8, 0.8, 0.8, 0.8, 0.8, 0.8, 0.8, 0.8, 
       0.8, 0.8, 0.8, 0.8, 0.8, 0.8, 0.8, 0.8, 0.8, 0.8, 0.8, 0.8, 0.8, 0.8, 0.8, 0.8
       ), maxlen = c(64.3324487961131, 64.7637838241085, 66.9533467337173, 66.0384873199593, 
       65.1709392842447, 65.8197708626674, 64.9063467144412, 64.7649301333755, 65.3591518424008, 
       65.0032589609543, 68.4456541231955, 66.9897586998412, 64.176655845432, 66.264749123969, 
       67.6677146591557, 67.2710115534443, 65.0569660006129, 66.277105855568, 67.690084990208, 
       66.8878309581673, 63.5040560778501, 65.7165702590753, 64.0200923496243, 63.8116475522277, 
       63.7021585916358, 63.2791535183404, 65.7070372359459, 63.1425419599546, 64.9677902896067
       ), Mexp = c(0, 0, 0, 0, 0, 0, 0, 0, 0, 0, 0, 0, 0, 0, 0, 0, 0, 0, 0, 0, 0, 0, 
       0, 0, 0, 0, 0, 0, 0), MGT = c(21.3114365987541, 28.3264598410205, 21.0030072223911, 
       20.9106661021204, 20.7455753951985, 22.9617619251427, 18.802391475041, 26.8375693919985, 
       22.7867083288769, 26.9547927794077, 24.021312384137, 21.3673539134681, 21.5761931890607, 
       22.28458297836, 19.5941410532247, 18.3569589092143, 28.2019556440136, 27.206418570673, 
       26.7661545395425, 20.2425671835883, 21.5603330063351, 18.5544717740985, 24.6472888440164, 
       23.9405088636339, 24.1137004423871, 20.7617605083, 22.3891331073299, 25.476258699192, 
       29.3604498079901), Msd = c(0.0426627982757054, 0.0278803113149479, 0.0486301481723785, 
       0.00692773229675368, 0.013570177485235, 0.0040562026319094, 0.0153126881108619, 
       0.0211074795923196, 0.000931992090772837, 0.0328861223417334, 0.00987766406033188, 
       0.0421230251318775, 0.0061310488730669, 0.0303521095542237, 0.00288781732087955, 
       0.0472649536910467, 0.0372200476005673, 0.0334734153002501, 0.0101222180877812, 
       0.0411309121642262, 0.0208483235910535, 0.0250509603996761, 0.0222074933233671, 
       0.0195747181540355, 0.0362659086589701, 0.0220529285958037, 0.0036637686076574, 
       0.0463807855849154, 0.0073252355097793), MSY = c(323.610776867669, 988.619677259262, 
       543.749122902734, 629.916453363341, 533.541325813927, 637.677433118768, 462.873953301145, 
       459.229387611803, 643.360963493627, 705.852846704286, 802.156621980095, 753.053278901337, 
       331.838830690128, 903.850882127893, 387.41829972425, 534.063291973241, 892.710764374279, 
       888.979864522642, 776.110870020152, 382.493219552061, 462.880968356193, 280.535507351086, 
       770.547973612987, 639.171388493772, 602.854081545598, 578.147653414801, 519.58778490563, 
       380.386498914264, 796.250696832364), OFLreal = c(181.872530978522, 885.950469595894, 
       486.357008824891, 667.879919748551, 287.756489231248, 200.19184849416, 545.105590442993, 
       523.306377477243, 291.489981105842, 843.465485862292, 958.828562744098, 843.593857240332, 
       283.626349539424, 638.65022938716, 91.6149522540067, 385.550375028639, 968.216935503921, 
       708.983355062587, 95.3113793137911, 328.266669010241, 100.913372412354, 168.162265905621, 
       489.526731837348, 325.202356469516, 468.573330722873, 132.75755183907, 182.221069916307, 
       403.702716652169, 211.481376181743), Prob_staying = c(0.955173029350117, 0.960058336667716, 
       0.953244663877413, 0.962458574222401, 0.967096224520355, 0.961259690225124, 0.989835991226137, 
       0.957157172830775, 0.980426875520498, 0.975752167040482, 0.968932455303147, 0.975559925958514, 
       0.953688318887725, 0.983436250258237, 0.984978080736473, 0.967998399417847, 0.973401582371443, 
       0.969694963749498, 0.97950650270097, 0.960336537733674, 0.950590175259858, 0.960647184075788, 
       0.954608511840925, 0.985317332074046, 0.965306305512786, 0.9671436008811, 0.950976262185723, 
       0.953078912692145, 0.9834765469376), procmu = c(-0.0665399190769326, -0.0427319062722301, 
       -0.0593160669207864, -0.0429778370480975, -0.0938662878711584, -0.0641652260991535, 
       -0.0857898891089467, -0.0843780685162875, -0.0898707628489196, -0.0276004803041962, 
       -0.112743857082846, -0.0778433848673729, -0.0407163245356388, -0.0432581317789177, 
       -0.102685219906641, -0.0235201482695453, -0.0372711654891415, -0.0404753178900409, 
       -0.0819359483868227, -0.0999067201453362, -0.0364867365393847, -0.0930429039079725, 
       -0.0413928756128542, -0.110467192248674, -0.0636584391039794, -0.0906028145337584, 
       -0.0637750952233355, -0.020145657248387, -0.0348901076979347), procsd = c(0.36480109395925, 
       0.292341944552027, 0.344430158147588, 0.293181981192902, 0.433281173999421, 0.358232399704866, 
       0.41422189490404, 0.410799387819134, 0.423959344392642, 0.23494884679094, 0.474855466606095, 
       0.394571628142148, 0.285364064085297, 0.294136470975354, 0.453178154607303, 0.216887751012109, 
       0.273024414619431, 0.284518252103589, 0.404810939542949, 0.447004966740496, 0.270136026991531, 
       0.43137664264068, 0.287725131376646, 0.47003657782916, 0.356814907491207, 0.425682544941083, 
       0.357141695194878, 0.200726965046488, 0.264159450703301), qcv = c(0.255562466289848, 
       0.288557411450893, 0.238035396113992, 0.265372212277725, 0.108421189570799, 0.200300938822329, 
       0.230356428353116, 0.22554223802872, 0.168926916690543, 0.240254055941477, 0.18235609405674, 
       0.123851891513914, 0.154216758720577, 0.236259749438614, 0.1017389559187, 0.212270901212469, 
       0.133339756028727, 0.136126857576892, 0.299377001170069, 0.149970058072358, 0.239855378447101, 
       0.242736952099949, 0.273026969889179, 0.277242603618652, 0.104024728294462, 0.277051295945421, 
       0.179443769715726, 0.176548876566812, 0.161998926615342), qinc = c(0.231830537319183, 
       -0.861078024841845, 0.0840875627472997, 1.34110633749515, -1.15514053683728, 
       -1.3131283884868, -1.70004603452981, 1.38640901632607, 0.813890002667904, 1.42278199456632, 
       -1.43653377424926, 1.68202273268253, 0.584421640262008, 1.78498092293739, -1.90186191629618, 
       -1.63771418388933, 0.168117308989167, -0.79404619615525, -0.0635437238961458, 
       -1.65288073476404, 0.0690319919958711, 0.517146532423794, 0.382940692827106, 
       -0.11258046515286, -1.73319877218455, 0.332593969069421, -1.90258682519197, -1.68148850556463, 
       -1.60101440735161), R0 = c(1000, 1000, 1000, 1000, 1000, 1000, 1000, 1000, 1000, 
       1000, 1000, 1000, 1000, 1000, 1000, 1000, 1000, 1000, 1000, 1000, 1000, 1000, 
       1000, 1000, 1000, 1000, 1000, 1000, 1000), RefY = c(280.367998003111, 821.983150243204, 
       528.411099812545, 502.055509472352, 412.43122420324, 345.524526121828, 403.941397170904, 
       509.861589611257, 416.694712947122, 777.878661718819, 910.214491895507, 608.827533447137, 
       275.57325753092, 842.575963457211, 147.506308252552, 469.562476639518, 917.124403268558, 
       799.407943659974, 194.370446064816, 342.944699720574, 254.557234462063, 115.633669668534, 
       506.211921288938, 519.18645675656, 572.962540507992, 344.05197214028, 375.689985985689, 
       469.098699046475, 480.091135266346), Rmaxlen = c(1, 1, 1, 1, 1, 1, 1, 1, 1, 1, 
       1, 1, 1, 1, 1, 1, 1, 1, 1, 1, 1, 1, 1, 1, 1, 1, 1, 1, 1), Size_area_1 = c(0.0978733762190677, 
       0.0975821253168397, 0.10436124043772, 0.097478292263113, 0.104771566779818, 0.100295860001352, 
       0.0954285547626205, 0.101035201058257, 0.102254179362208, 0.101308649049606, 
       0.101371490415186, 0.101068651229143, 0.0998607190954499, 0.103364377191756, 
       0.0950167091400363, 0.104212943643797, 0.099575272325892, 0.0992168385488912, 
       0.100914508253336, 0.0956345979450271, 0.101282173346262, 0.104069775806274, 
       0.100723641719669, 0.0962413959833793, 0.102111424102914, 0.0971983252605423, 
       0.0962221067748033, 0.102588016812224, 0.104958792140242), SizeLimFrac = c(1, 
       1, 1, 1, 1, 1, 1, 1, 1, 1, 1, 1, 1, 1, 1, 1, 1, 1, 1, 1, 1, 1, 1, 1, 1, 1, 1, 
       1, 1), SizeLimSD = c(0, 0, 0, 0, 0, 0, 0, 0, 0, 0, 0, 0, 0, 0, 0, 0, 0, 0, 0, 
       0, 0, 0, 0, 0, 0, 0, 0, 0, 0), Spat_targ = c(1, 1, 1, 1, 1, 1, 1, 1, 1, 1, 1, 
       1, 1, 1, 1, 1, 1, 1, 1, 1, 1, 1, 1, 1, 1, 1, 1, 1, 1), SRrel = c(2, 2, 2, 2, 
       2, 2, 2, 2, 2, 2, 2, 2, 2, 2, 2, 2, 2, 2, 2, 2, 2, 2, 2, 2, 2, 2, 2, 2, 2), SSB0 = c(29640.5553672194, 
       67880.8308017472, 42509.083567235, 39766.576152433, 35225.9268890538, 46195.2744841047, 
       31005.9442243872, 60106.366600805, 45622.8864997472, 50957.5287362904, 42463.0605529648, 
       35653.5408410288, 35548.4440082446, 48217.9501856, 31566.2079513011, 24639.922776086, 
       66983.8820063982, 60040.4103345578, 60870.6821005432, 33906.3410810967, 39269.5065931155, 
       25572.3658254507, 45132.4950921523, 42773.4013991675, 49151.4366667288, 32675.1299043894, 
       36586.8183598837, 44597.990161253, 69296.9848355298), SSBMSY = c(14386.9890807212, 
       29764.1323036518, 19316.6623202084, 17201.3963873499, 15633.3073767091, 21044.8903732157, 
       13558.9062280678, 28262.1090894601, 20089.4080030793, 23862.2226020826, 19397.4965357533, 
       16455.1510338703, 16560.5402745378, 21308.7875290442, 15717.5928955547, 10318.296110725, 
       29130.5820269193, 27483.4697325347, 29075.3182275674, 16724.2065919156, 17221.9064454006, 
       11883.6514735095, 20643.1046137565, 19665.6656386566, 21861.3933606505, 14380.0323871062, 
       17311.8285017468, 20474.5906292926, 31417.3202980104), SSBMSY_SSB0 = c(0.485381899983978, 
       0.438476252457501, 0.454412579599746, 0.43255915021232, 0.443801164578215, 0.455563704474947, 
       0.437300219917293, 0.470201589078945, 0.44033618967074, 0.468276684404607, 0.456808724645708, 
       0.461529223906263, 0.465858372611107, 0.441926449528083, 0.497924645234647, 0.418763329921608, 
       0.434889426446452, 0.457749532013373, 0.477657177876571, 0.493247164355331, 0.438556731151287, 
       0.464706768025442, 0.4573889516103, 0.459763895209871, 0.444776284137564, 0.440091054853753, 
       0.473171193282243, 0.459092227144376, 0.453372110959468), t0 = c(-0.0357606501411647, 
       -0.0489137904951349, -0.0351311196386814, -0.0355770033691078, -0.0333168309135363, 
       -0.0353932975232601, -0.0430647726543248, -0.0401974067464471, -0.0328842627350241, 
       -0.0347354322345927, -0.0340044010989368, -0.0356496771192178, -0.038043562117964, 
       -0.0375036870734766, -0.0337958422768861, -0.0489003194170073, -0.0375139807024971, 
       -0.0333315458009019, -0.0392646594438702, -0.0376657587382942, -0.0376092070993036, 
       -0.0469137884350494, -0.0420354256080464, -0.0350922554545104, -0.0383086066320538, 
       -0.0435377398319542, -0.0365429489454255, -0.039554709289223, -0.0315835988242179
       ), TACFrac = c(1, 1, 1, 1, 1, 1, 1, 1, 1, 1, 1, 1, 1, 1, 1, 1, 1, 1, 1, 1, 1, 
       1, 1, 1, 1, 1, 1, 1, 1), TACSD = c(0, 0, 0, 0, 0, 0, 0, 0, 0, 0, 0, 0, 0, 0, 
       0, 0, 0, 0, 0, 0, 0, 0, 0, 0, 0, 0, 0, 0, 0), TAEFrac = c(1, 1, 1, 1, 1, 1, 1, 
       1, 1, 1, 1, 1, 1, 1, 1, 1, 1, 1, 1, 1, 1, 1, 1, 1, 1, 1, 1, 1, 1), TAESD = c(0, 
       0, 0, 0, 0, 0, 0, 0, 0, 0, 0, 0, 0, 0, 0, 0, 0, 0, 0, 0, 0, 0, 0, 0, 0, 0, 0, 
       0, 0), UMSY = c(0.0206584518688197, 0.0319630094775549, 0.0266388451912204, 0.0349181470888443, 
       0.0322399759604953, 0.0291384203593033, 0.0323929851858912, 0.0156832471273853, 
       0.0304921268554359, 0.0277228397904899, 0.0380595478321821, 0.0414550500134977, 
       0.0188494638956652, 0.0405113031255788, 0.0234463041103036, 0.0455201160909489, 
       0.0293407263345317, 0.0302687523718284, 0.0257529729866229, 0.0218170972119903, 
       0.0255444102442636, 0.0217538746308422, 0.0347477512678536, 0.0305004577741381, 
       0.0262371413372621, 0.0372248926935976, 0.0276862207503709, 0.0175081011858709, 
       0.0240893310716004), Vmaxlen = c(0.999872049367055, 0.999732507684268, 0.999817283215234, 
       0.999904389729956, 0.999680073973723, 0.999116281553404, 0.999136941410368, 0.999333625819068, 
       0.999432486499893, 0.999417091839481, 0.99981587894517, 0.999600928890519, 0.999612241736613, 
       0.999743027289398, 0.999315534829861, 0.999946804120205, 0.999143402139423, 0.999095809806371, 
       0.999334097315325, 0.999347305966075, 0.999694849948632, 0.999190145125147, 0.999522186700488, 
       0.999789234905271, 0.999486020825338, 0.999877676364966, 0.999141287494916, 0.999934106829111, 
       0.99950604240247)), class = "data.frame", row.names = c(NA, -29L)))
9: rbind(deparse.level, ...)
10: stop("numbers of columns of arguments do not match")</error>
    </testcase>
  </testsuite>
  <testsuite name="slot descriptions" timestamp="2019-08-23 12:55:52" hostname="DESKTOP-32IEE7L" tests="6" skipped="0" failures="0" errors="0" time="0.05">
    <testcase time="0.05" classname="slot_descriptions" name="slots_are_in_correct_order_for_Stock"/>
    <testcase time="0" classname="slot_descriptions" name="slots_are_in_correct_order_for_Fleet"/>
    <testcase time="0" classname="slot_descriptions" name="slots_are_in_correct_order_for_Obs"/>
    <testcase time="0" classname="slot_descriptions" name="slots_are_in_correct_order_for_Imp"/>
    <testcase time="0" classname="slot_descriptions" name="slots_are_in_correct_order_for_Data"/>
    <testcase time="0" classname="slot_descriptions" name="slots_are_in_correct_order_for_OM"/>
  </testsuite>
</testsuites>
